This file contains any messages produced by compilers while
running configure, to aid debugging if configure makes a mistake.

It was created by libsodium configure 1.0.18, which was
generated by GNU Autoconf 2.69.  Invocation command line was

  $ ./configure --prefix=/Users/sgamraou/chatUp/includes

## --------- ##
## Platform. ##
## --------- ##

hostname = e2r12p1.1337.ma
uname -m = x86_64
uname -r = 18.7.0
uname -s = Darwin
uname -v = Darwin Kernel Version 18.7.0: Tue Aug 20 16:57:14 PDT 2019; root:xnu-4903.271.2~2/RELEASE_X86_64

/usr/bin/uname -p = i386
/bin/uname -X     = unknown

/bin/arch              = unknown
/usr/bin/arch -k       = unknown
/usr/convex/getsysinfo = unknown
/usr/bin/hostinfo      = Mach kernel version:
	 Darwin Kernel Version 18.7.0: Tue Aug 20 16:57:14 PDT 2019; root:xnu-4903.271.2~2/RELEASE_X86_64
Kernel configured for up to 4 processors.
4 processors are physically available.
4 processors are logically available.
Processor type: x86_64h (Intel x86-64h Haswell)
Processors active: 0 1 2 3
Primary memory available: 8.00 gigabytes
Default processor set: 312 tasks, 1516 threads, 4 processors
Load average: 1.35, Mach factor: 2.77
/bin/machine           = unknown
/usr/bin/oslevel       = unknown
/bin/universe          = unknown

PATH: /Users/sgamraou/.cargo/bin
PATH: /Users/sgamraou/goinfre/homebrew/bin
PATH: /Users/sgamraou/goinfre/homebrew/bin
PATH: /Users/sgamraou/node-v16.13.1-darwin-x64/bin/
PATH: /Users/sgamraou/.cargo/bin
PATH: /Users/sgamraou/goinfre/homebrew/bin
PATH: /Users/sgamraou/goinfre/homebrew/bin
PATH: /Users/sgamraou/node-v16.13.1-darwin-x64/bin/
PATH: /usr/local/bin
PATH: /usr/bin
PATH: /bin
PATH: /usr/sbin
PATH: /sbin
PATH: /usr/local/munki
PATH: /Users/sgamraou/.cargo/bin
PATH: /Users/sgamraou/bin
PATH: /Users/sgamraou/.local/share/nvim/mason/bin
PATH: /Users/sgamraou/bin


## ----------- ##
## Core tests. ##
## ----------- ##

configure:2431: checking build system type
configure:2445: result: x86_64-apple-darwin18.7.0
configure:2465: checking host system type
configure:2478: result: x86_64-apple-darwin18.7.0
configure:2514: checking for a BSD-compatible install
configure:2582: result: /usr/bin/install -c
configure:2593: checking whether build environment is sane
configure:2648: result: yes
configure:2799: checking for a thread-safe mkdir -p
configure:2838: result: build-aux/install-sh -c -d
configure:2845: checking for gawk
configure:2875: result: no
configure:2845: checking for mawk
configure:2875: result: no
configure:2845: checking for nawk
configure:2875: result: no
configure:2845: checking for awk
configure:2861: found /usr/bin/awk
configure:2872: result: awk
configure:2883: checking whether make sets $(MAKE)
configure:2905: result: yes
configure:2934: checking whether make supports nested variables
configure:2951: result: yes
configure:3040: checking whether UID '4015' is supported by ustar format
configure:3043: result: yes
configure:3050: checking whether GID '4219' is supported by ustar format
configure:3053: result: yes
configure:3061: checking how to create a ustar tar archive
configure:3072: tar --version
tar (GNU tar) 1.34
Copyright (C) 2021 Free Software Foundation, Inc.
License GPLv3+: GNU GPL version 3 or later <https://gnu.org/licenses/gpl.html>.
This is free software: you are free to change and redistribute it.
There is NO WARRANTY, to the extent permitted by law.

Written by John Gilmore and Jay Fenlason.
configure:3075: $? = 0
configure:3115: tardir=conftest.dir && eval tar --format=ustar -chf - "$tardir" >conftest.tar
configure:3118: $? = 0
configure:3122: tar -xf - <conftest.tar
configure:3125: $? = 0
configure:3127: cat conftest.dir/file
GrepMe
configure:3130: $? = 0
configure:3143: result: gnutar
configure:3204: checking whether make supports nested variables
configure:3221: result: yes
configure:3233: checking whether to enable maintainer-specific portions of Makefiles
configure:3242: result: no
configure:3352: checking whether make supports the include directive
configure:3367: make -f confmf.GNU && cat confinc.out
this is the am__doit target
configure:3370: $? = 0
configure:3389: result: yes (GNU style)
configure:3440: checking for gcc
configure:3456: found /usr/bin/gcc
configure:3467: result: gcc
configure:3696: checking for C compiler version
configure:3705: gcc --version >&5
Apple clang version 11.0.0 (clang-1100.0.33.17)
Target: x86_64-apple-darwin18.7.0
Thread model: posix
InstalledDir: /Applications/Xcode.app/Contents/Developer/Toolchains/XcodeDefault.xctoolchain/usr/bin
Configured with: --prefix=/Applications/Xcode.app/Contents/Developer/usr --with-gxx-include-dir=/Library/Developer/CommandLineTools/SDKs/MacOSX.sdk/usr/include/c++/4.2.1
configure:3716: $? = 0
configure:3705: gcc -v >&5
Configured with: --prefix=/Applications/Xcode.app/Contents/Developer/usr --with-gxx-include-dir=/Library/Developer/CommandLineTools/SDKs/MacOSX.sdk/usr/include/c++/4.2.1
Apple clang version 11.0.0 (clang-1100.0.33.17)
Target: x86_64-apple-darwin18.7.0
Thread model: posix
InstalledDir: /Applications/Xcode.app/Contents/Developer/Toolchains/XcodeDefault.xctoolchain/usr/bin
configure:3716: $? = 0
configure:3705: gcc -V >&5
clang: error: unsupported option '-V -Wno-framework-include-private-from-public'
clang: error: no input files
configure:3716: $? = 1
configure:3705: gcc -qversion >&5
clang: error: unknown argument '-qversion', did you mean '--version'?
clang: error: no input files
configure:3716: $? = 1
configure:3736: checking whether the C compiler works
configure:3758: gcc    conftest.c  >&5
configure:3762: $? = 0
configure:3810: result: yes
configure:3813: checking for C compiler default output file name
configure:3815: result: a.out
configure:3821: checking for suffix of executables
configure:3828: gcc -o conftest    conftest.c  >&5
configure:3832: $? = 0
configure:3854: result: 
configure:3876: checking whether we are cross compiling
configure:3884: gcc -o conftest    conftest.c  >&5
configure:3888: $? = 0
configure:3895: ./conftest
configure:3899: $? = 0
configure:3914: result: no
configure:3919: checking for suffix of object files
configure:3941: gcc -c   conftest.c >&5
configure:3945: $? = 0
configure:3966: result: o
configure:3970: checking whether we are using the GNU C compiler
configure:3989: gcc -c   conftest.c >&5
configure:3989: $? = 0
configure:3998: result: yes
configure:4007: checking whether gcc accepts -g
configure:4027: gcc -c -g  conftest.c >&5
configure:4027: $? = 0
configure:4068: result: yes
configure:4085: checking for gcc option to accept ISO C89
configure:4148: gcc  -c -g -O2  conftest.c >&5
configure:4148: $? = 0
configure:4161: result: none needed
configure:4186: checking whether gcc understands -c and -o together
configure:4208: gcc -c conftest.c -o conftest2.o
configure:4211: $? = 0
configure:4208: gcc -c conftest.c -o conftest2.o
configure:4211: $? = 0
configure:4223: result: yes
configure:4242: checking dependency style of gcc
configure:4353: result: gcc3
configure:4490: checking for a sed that does not truncate output
configure:4554: result: /usr/bin/sed
configure:4564: checking how to run the C preprocessor
configure:4595: gcc -E  conftest.c
configure:4595: $? = 0
configure:4609: gcc -E  conftest.c
conftest.c:11:10: fatal error: 'ac_nonexistent.h' file not found
#include <ac_nonexistent.h>
         ^~~~~~~~~~~~~~~~~~
1 error generated.
configure:4609: $? = 1
configure: failed program was:
| /* confdefs.h */
| #define PACKAGE_NAME "libsodium"
| #define PACKAGE_TARNAME "libsodium"
| #define PACKAGE_VERSION "1.0.18"
| #define PACKAGE_STRING "libsodium 1.0.18"
| #define PACKAGE_BUGREPORT "https://github.com/jedisct1/libsodium/issues"
| #define PACKAGE_URL "https://github.com/jedisct1/libsodium"
| #define PACKAGE "libsodium"
| #define VERSION "1.0.18"
| /* end confdefs.h.  */
| #include <ac_nonexistent.h>
configure:4634: result: gcc -E
configure:4654: gcc -E  conftest.c
configure:4654: $? = 0
configure:4668: gcc -E  conftest.c
conftest.c:11:10: fatal error: 'ac_nonexistent.h' file not found
#include <ac_nonexistent.h>
         ^~~~~~~~~~~~~~~~~~
1 error generated.
configure:4668: $? = 1
configure: failed program was:
| /* confdefs.h */
| #define PACKAGE_NAME "libsodium"
| #define PACKAGE_TARNAME "libsodium"
| #define PACKAGE_VERSION "1.0.18"
| #define PACKAGE_STRING "libsodium 1.0.18"
| #define PACKAGE_BUGREPORT "https://github.com/jedisct1/libsodium/issues"
| #define PACKAGE_URL "https://github.com/jedisct1/libsodium"
| #define PACKAGE "libsodium"
| #define VERSION "1.0.18"
| /* end confdefs.h.  */
| #include <ac_nonexistent.h>
configure:4697: checking for grep that handles long lines and -e
configure:4755: result: /usr/bin/grep
configure:4760: checking for egrep
configure:4822: result: /usr/bin/grep -E
configure:5012: checking whether gcc is Clang
configure:5037: result: yes
configure:5084: checking whether Clang needs flag to prevent "argument unused" warning when linking with -pthread
configure:5109: gcc -o conftest -Werror -Wunknown-warning-option  -pthread -g -O2   conftest.c  >&5
configure:5109: $? = 0
configure:5115: (gcc -c -Werror -Wunknown-warning-option  -pthread -g -O2  conftest.c >&5) && (echo ==== >&5) && (gcc -o conftest -Werror -Wunknown-warning-option  -pthread -g -O2   conftest.o  >&5)
====
configure:5115: $? = 0
configure:5133: result: no
configure:5282: checking for joinable pthread attribute
configure:5300: gcc -o conftest -g -O2 -pthread   conftest.c   >&5
configure:5300: $? = 0
configure:5308: result: PTHREAD_CREATE_JOINABLE
configure:5322: checking whether more special flags are required for pthreads
configure:5335: result: no
configure:5343: checking for PTHREAD_PRIO_INHERIT
configure:5359: gcc -o conftest -g -O2 -pthread   conftest.c   >&5
configure:5359: $? = 0
configure:5368: result: yes
configure:5475: gcc -o conftest -g -O2   conftest.c  >&5
configure:5475: $? = 0
configure:6337: checking for gcc option to accept ISO C99
configure:6486: gcc  -c -g -O2 -pthread  conftest.c >&5
configure:6486: $? = 0
configure:6499: result: none needed
configure:6523: checking dependency style of gcc
configure:6632: result: gcc3
configure:6647: checking for ANSI C header files
configure:6667: gcc -c -g -O2 -pthread  conftest.c >&5
configure:6667: $? = 0
configure:6740: gcc -o conftest -g -O2 -pthread   conftest.c   >&5
configure:6740: $? = 0
configure:6740: ./conftest
configure:6740: $? = 0
configure:6751: result: yes
configure:6764: checking for sys/types.h
configure:6764: gcc -c -g -O2 -pthread  conftest.c >&5
configure:6764: $? = 0
configure:6764: result: yes
configure:6764: checking for sys/stat.h
configure:6764: gcc -c -g -O2 -pthread  conftest.c >&5
configure:6764: $? = 0
configure:6764: result: yes
configure:6764: checking for stdlib.h
configure:6764: gcc -c -g -O2 -pthread  conftest.c >&5
configure:6764: $? = 0
configure:6764: result: yes
configure:6764: checking for string.h
configure:6764: gcc -c -g -O2 -pthread  conftest.c >&5
configure:6764: $? = 0
configure:6764: result: yes
configure:6764: checking for memory.h
configure:6764: gcc -c -g -O2 -pthread  conftest.c >&5
configure:6764: $? = 0
configure:6764: result: yes
configure:6764: checking for strings.h
configure:6764: gcc -c -g -O2 -pthread  conftest.c >&5
configure:6764: $? = 0
configure:6764: result: yes
configure:6764: checking for inttypes.h
configure:6764: gcc -c -g -O2 -pthread  conftest.c >&5
configure:6764: $? = 0
configure:6764: result: yes
configure:6764: checking for stdint.h
configure:6764: gcc -c -g -O2 -pthread  conftest.c >&5
configure:6764: $? = 0
configure:6764: result: yes
configure:6764: checking for unistd.h
configure:6764: gcc -c -g -O2 -pthread  conftest.c >&5
configure:6764: $? = 0
configure:6764: result: yes
configure:6777: checking minix/config.h usability
configure:6777: gcc -c -g -O2 -pthread  conftest.c >&5
conftest.c:56:10: fatal error: 'minix/config.h' file not found
#include <minix/config.h>
         ^~~~~~~~~~~~~~~~
1 error generated.
configure:6777: $? = 1
configure: failed program was:
| /* confdefs.h */
| #define PACKAGE_NAME "libsodium"
| #define PACKAGE_TARNAME "libsodium"
| #define PACKAGE_VERSION "1.0.18"
| #define PACKAGE_STRING "libsodium 1.0.18"
| #define PACKAGE_BUGREPORT "https://github.com/jedisct1/libsodium/issues"
| #define PACKAGE_URL "https://github.com/jedisct1/libsodium"
| #define PACKAGE "libsodium"
| #define VERSION "1.0.18"
| #define HAVE_PTHREAD_PRIO_INHERIT 1
| #define HAVE_PTHREAD 1
| #define STDC_HEADERS 1
| #define HAVE_SYS_TYPES_H 1
| #define HAVE_SYS_STAT_H 1
| #define HAVE_STDLIB_H 1
| #define HAVE_STRING_H 1
| #define HAVE_MEMORY_H 1
| #define HAVE_STRINGS_H 1
| #define HAVE_INTTYPES_H 1
| #define HAVE_STDINT_H 1
| #define HAVE_UNISTD_H 1
| /* end confdefs.h.  */
| #include <stdio.h>
| #ifdef HAVE_SYS_TYPES_H
| # include <sys/types.h>
| #endif
| #ifdef HAVE_SYS_STAT_H
| # include <sys/stat.h>
| #endif
| #ifdef STDC_HEADERS
| # include <stdlib.h>
| # include <stddef.h>
| #else
| # ifdef HAVE_STDLIB_H
| #  include <stdlib.h>
| # endif
| #endif
| #ifdef HAVE_STRING_H
| # if !defined STDC_HEADERS && defined HAVE_MEMORY_H
| #  include <memory.h>
| # endif
| # include <string.h>
| #endif
| #ifdef HAVE_STRINGS_H
| # include <strings.h>
| #endif
| #ifdef HAVE_INTTYPES_H
| # include <inttypes.h>
| #endif
| #ifdef HAVE_STDINT_H
| # include <stdint.h>
| #endif
| #ifdef HAVE_UNISTD_H
| # include <unistd.h>
| #endif
| #include <minix/config.h>
configure:6777: result: no
configure:6777: checking minix/config.h presence
configure:6777: gcc -E  conftest.c
conftest.c:23:10: fatal error: 'minix/config.h' file not found
#include <minix/config.h>
         ^~~~~~~~~~~~~~~~
1 error generated.
configure:6777: $? = 1
configure: failed program was:
| /* confdefs.h */
| #define PACKAGE_NAME "libsodium"
| #define PACKAGE_TARNAME "libsodium"
| #define PACKAGE_VERSION "1.0.18"
| #define PACKAGE_STRING "libsodium 1.0.18"
| #define PACKAGE_BUGREPORT "https://github.com/jedisct1/libsodium/issues"
| #define PACKAGE_URL "https://github.com/jedisct1/libsodium"
| #define PACKAGE "libsodium"
| #define VERSION "1.0.18"
| #define HAVE_PTHREAD_PRIO_INHERIT 1
| #define HAVE_PTHREAD 1
| #define STDC_HEADERS 1
| #define HAVE_SYS_TYPES_H 1
| #define HAVE_SYS_STAT_H 1
| #define HAVE_STDLIB_H 1
| #define HAVE_STRING_H 1
| #define HAVE_MEMORY_H 1
| #define HAVE_STRINGS_H 1
| #define HAVE_INTTYPES_H 1
| #define HAVE_STDINT_H 1
| #define HAVE_UNISTD_H 1
| /* end confdefs.h.  */
| #include <minix/config.h>
configure:6777: result: no
configure:6777: checking for minix/config.h
configure:6777: result: no
configure:6798: checking whether it is safe to define __EXTENSIONS__
configure:6816: gcc -c -g -O2 -pthread  conftest.c >&5
configure:6816: $? = 0
configure:6823: result: yes
configure:6838: checking for variable-length arrays
configure:6854: gcc -c -g -O2 -pthread  conftest.c >&5
configure:6854: $? = 0
configure:6861: result: yes
configure:6871: checking for __wasi__ defined
configure:6893: gcc -c -g -O2 -pthread  conftest.c >&5
conftest.c:37:3: error: use of undeclared identifier 'choke'
  choke me
  ^
1 error generated.
configure:6893: $? = 1
configure: failed program was:
| /* confdefs.h */
| #define PACKAGE_NAME "libsodium"
| #define PACKAGE_TARNAME "libsodium"
| #define PACKAGE_VERSION "1.0.18"
| #define PACKAGE_STRING "libsodium 1.0.18"
| #define PACKAGE_BUGREPORT "https://github.com/jedisct1/libsodium/issues"
| #define PACKAGE_URL "https://github.com/jedisct1/libsodium"
| #define PACKAGE "libsodium"
| #define VERSION "1.0.18"
| #define HAVE_PTHREAD_PRIO_INHERIT 1
| #define HAVE_PTHREAD 1
| #define STDC_HEADERS 1
| #define HAVE_SYS_TYPES_H 1
| #define HAVE_SYS_STAT_H 1
| #define HAVE_STDLIB_H 1
| #define HAVE_STRING_H 1
| #define HAVE_MEMORY_H 1
| #define HAVE_STRINGS_H 1
| #define HAVE_INTTYPES_H 1
| #define HAVE_STDINT_H 1
| #define HAVE_UNISTD_H 1
| #define __EXTENSIONS__ 1
| #define _ALL_SOURCE 1
| #define _GNU_SOURCE 1
| #define _POSIX_PTHREAD_SEMANTICS 1
| #define _TANDEM_SOURCE 1
| #define HAVE_C_VARARRAYS 1
| /* end confdefs.h.  */
| 
| int
| main ()
| {
| 
|   #ifdef __wasi__
|   int ok;
|   #else
|   choke me
|   #endif
| 
|   ;
|   return 0;
| }
configure:6900: result: no
configure:6907: checking for _FORTIFY_SOURCE defined
configure:6929: gcc -c -g -O2 -pthread  conftest.c >&5
conftest.c:37:3: error: use of undeclared identifier 'choke'
  choke me
  ^
1 error generated.
configure:6929: $? = 1
configure: failed program was:
| /* confdefs.h */
| #define PACKAGE_NAME "libsodium"
| #define PACKAGE_TARNAME "libsodium"
| #define PACKAGE_VERSION "1.0.18"
| #define PACKAGE_STRING "libsodium 1.0.18"
| #define PACKAGE_BUGREPORT "https://github.com/jedisct1/libsodium/issues"
| #define PACKAGE_URL "https://github.com/jedisct1/libsodium"
| #define PACKAGE "libsodium"
| #define VERSION "1.0.18"
| #define HAVE_PTHREAD_PRIO_INHERIT 1
| #define HAVE_PTHREAD 1
| #define STDC_HEADERS 1
| #define HAVE_SYS_TYPES_H 1
| #define HAVE_SYS_STAT_H 1
| #define HAVE_STDLIB_H 1
| #define HAVE_STRING_H 1
| #define HAVE_MEMORY_H 1
| #define HAVE_STRINGS_H 1
| #define HAVE_INTTYPES_H 1
| #define HAVE_STDINT_H 1
| #define HAVE_UNISTD_H 1
| #define __EXTENSIONS__ 1
| #define _ALL_SOURCE 1
| #define _GNU_SOURCE 1
| #define _POSIX_PTHREAD_SEMANTICS 1
| #define _TANDEM_SOURCE 1
| #define HAVE_C_VARARRAYS 1
| /* end confdefs.h.  */
| 
| int
| main ()
| {
| 
|   #ifdef _FORTIFY_SOURCE
|   int ok;
|   #else
|   choke me
|   #endif
| 
|   ;
|   return 0;
| }
configure:6936: result: no
configure:6942: checking whether C compiler accepts -D_FORTIFY_SOURCE=2
configure:6961: gcc -o conftest -g -O2 -pthread  -D_FORTIFY_SOURCE=2   conftest.c   >&5
configure:6961: $? = 0
configure:6970: result: yes
configure:6981: checking whether C compiler accepts -fvisibility=hidden
configure:7000: gcc -o conftest -g -O2 -pthread  -fvisibility=hidden  -D_FORTIFY_SOURCE=2  conftest.c   >&5
configure:7000: $? = 0
configure:7009: result: yes
configure:7023: checking whether C compiler accepts -fPIC
configure:7042: gcc -o conftest -g -O2 -pthread -fvisibility=hidden  -fPIC  -D_FORTIFY_SOURCE=2  conftest.c   >&5
configure:7042: $? = 0
configure:7051: result: yes
configure:7064: checking whether C compiler accepts -fPIE
configure:7083: gcc -o conftest -g -O2 -pthread -fvisibility=hidden -fPIC  -fPIE  -D_FORTIFY_SOURCE=2  conftest.c   >&5
configure:7083: $? = 0
configure:7092: result: yes
configure:7096: checking whether the linker accepts -pie
configure:7115: gcc -o conftest -g -O2 -pthread -fvisibility=hidden -fPIC  -D_FORTIFY_SOURCE=2   -pie conftest.c   >&5
clang: warning: argument unused during compilation: '-pie' [-Wunused-command-line-argument]
configure:7115: $? = 0
configure:7124: result: yes
configure:7143: checking whether C compiler accepts -fno-strict-aliasing
configure:7162: gcc -o conftest -g -O2 -pthread -fvisibility=hidden -fPIC -fPIE  -fno-strict-aliasing  -D_FORTIFY_SOURCE=2  -pie conftest.c   >&5
clang: warning: argument unused during compilation: '-pie' [-Wunused-command-line-argument]
configure:7162: $? = 0
configure:7171: result: yes
configure:7179: checking whether C compiler accepts -fno-strict-overflow
configure:7198: gcc -o conftest -g -O2 -pthread -fvisibility=hidden -fPIC -fPIE -fno-strict-aliasing  -fno-strict-overflow  -D_FORTIFY_SOURCE=2  -pie conftest.c   >&5
clang: warning: argument unused during compilation: '-pie' [-Wunused-command-line-argument]
configure:7198: $? = 0
configure:7207: result: yes
configure:7267: gcc -c -g -O2 -pthread -fvisibility=hidden -fPIC -fPIE -fno-strict-aliasing -fno-strict-overflow  -D_FORTIFY_SOURCE=2 conftest.c >&5
configure:7267: $? = 0
configure:7503: checking whether C compiler accepts -fstack-protector
configure:7522: gcc -o conftest -g -O2 -pthread -fvisibility=hidden -fPIC -fPIE -fno-strict-aliasing -fno-strict-overflow  -fstack-protector  -D_FORTIFY_SOURCE=2  -pie conftest.c   >&5
clang: warning: argument unused during compilation: '-pie' [-Wunused-command-line-argument]
configure:7522: $? = 0
configure:7531: result: yes
configure:7535: checking whether the linker accepts -fstack-protector
configure:7554: gcc -o conftest -g -O2 -pthread -fvisibility=hidden -fPIC -fPIE -fno-strict-aliasing -fno-strict-overflow  -D_FORTIFY_SOURCE=2  -pie  -fstack-protector conftest.c   >&5
clang: warning: argument unused during compilation: '-pie' [-Wunused-command-line-argument]
configure:7554: $? = 0
configure:7563: result: yes
configure:7587: checking whether C compiler accepts -g -O2 -pthread -fvisibility=hidden -fPIC -fPIE -fno-strict-aliasing -fno-strict-overflow -fstack-protector -Wall
configure:7606: gcc -o conftest -g -O2 -pthread -fvisibility=hidden -fPIC -fPIE -fno-strict-aliasing -fno-strict-overflow -fstack-protector  -g -O2 -pthread -fvisibility=hidden -fPIC -fPIE -fno-strict-aliasing -fno-strict-overflow -fstack-protector -Wall  -D_FORTIFY_SOURCE=2  -pie conftest.c   >&5
clang: warning: argument unused during compilation: '-pie' [-Wunused-command-line-argument]
configure:7606: $? = 0
configure:7616: result: yes
configure:7625: checking whether C compiler accepts -g -O2 -pthread -fvisibility=hidden -fPIC -fPIE -fno-strict-aliasing -fno-strict-overflow -fstack-protector -Wextra
configure:7644: gcc -o conftest -g -O2 -pthread -fvisibility=hidden -fPIC -fPIE -fno-strict-aliasing -fno-strict-overflow -fstack-protector  -g -O2 -pthread -fvisibility=hidden -fPIC -fPIE -fno-strict-aliasing -fno-strict-overflow -fstack-protector -Wextra  -D_FORTIFY_SOURCE=2  -pie conftest.c   >&5
clang: warning: argument unused during compilation: '-pie' [-Wunused-command-line-argument]
configure:7644: $? = 0
configure:7654: result: yes
configure:7663: checking for clang
configure:7680: gcc -c -g -O2 -pthread -fvisibility=hidden -fPIC -fPIE -fno-strict-aliasing -fno-strict-overflow -fstack-protector  -D_FORTIFY_SOURCE=2 conftest.c >&5
configure:7680: $? = 0
configure:7681: result: yes
configure:7684: checking whether C compiler accepts -g -O2 -pthread -fvisibility=hidden -fPIC -fPIE -fno-strict-aliasing -fno-strict-overflow -fstack-protector -Wextra -Wno-unknown-warning-option
configure:7703: gcc -o conftest -g -O2 -pthread -fvisibility=hidden -fPIC -fPIE -fno-strict-aliasing -fno-strict-overflow -fstack-protector  -g -O2 -pthread -fvisibility=hidden -fPIC -fPIE -fno-strict-aliasing -fno-strict-overflow -fstack-protector -Wextra -Wno-unknown-warning-option  -D_FORTIFY_SOURCE=2  -pie conftest.c   >&5
clang: warning: argument unused during compilation: '-pie' [-Wunused-command-line-argument]
configure:7703: $? = 0
configure:7713: result: yes
configure:7730: checking whether C compiler accepts -g -O2 -pthread -fvisibility=hidden -fPIC -fPIE -fno-strict-aliasing -fno-strict-overflow -fstack-protector -Wextra -Wno-unknown-warning-option -Wbad-function-cast
configure:7749: gcc -o conftest -g -O2 -pthread -fvisibility=hidden -fPIC -fPIE -fno-strict-aliasing -fno-strict-overflow -fstack-protector  -g -O2 -pthread -fvisibility=hidden -fPIC -fPIE -fno-strict-aliasing -fno-strict-overflow -fstack-protector -Wextra -Wno-unknown-warning-option -Wbad-function-cast  -D_FORTIFY_SOURCE=2  -pie conftest.c   >&5
clang: warning: argument unused during compilation: '-pie' [-Wunused-command-line-argument]
configure:7749: $? = 0
configure:7759: result: yes
configure:7768: checking whether C compiler accepts -g -O2 -pthread -fvisibility=hidden -fPIC -fPIE -fno-strict-aliasing -fno-strict-overflow -fstack-protector -Wextra -Wno-unknown-warning-option -Wbad-function-cast -Wcast-qual
configure:7787: gcc -o conftest -g -O2 -pthread -fvisibility=hidden -fPIC -fPIE -fno-strict-aliasing -fno-strict-overflow -fstack-protector  -g -O2 -pthread -fvisibility=hidden -fPIC -fPIE -fno-strict-aliasing -fno-strict-overflow -fstack-protector -Wextra -Wno-unknown-warning-option -Wbad-function-cast -Wcast-qual  -D_FORTIFY_SOURCE=2  -pie conftest.c   >&5
clang: warning: argument unused during compilation: '-pie' [-Wunused-command-line-argument]
configure:7787: $? = 0
configure:7797: result: yes
configure:7806: checking whether C compiler accepts -g -O2 -pthread -fvisibility=hidden -fPIC -fPIE -fno-strict-aliasing -fno-strict-overflow -fstack-protector -Wextra -Wno-unknown-warning-option -Wbad-function-cast -Wcast-qual -Wdiv-by-zero
configure:7825: gcc -o conftest -g -O2 -pthread -fvisibility=hidden -fPIC -fPIE -fno-strict-aliasing -fno-strict-overflow -fstack-protector  -g -O2 -pthread -fvisibility=hidden -fPIC -fPIE -fno-strict-aliasing -fno-strict-overflow -fstack-protector -Wextra -Wno-unknown-warning-option -Wbad-function-cast -Wcast-qual -Wdiv-by-zero  -D_FORTIFY_SOURCE=2  -pie conftest.c   >&5
clang: warning: argument unused during compilation: '-pie' [-Wunused-command-line-argument]
configure:7825: $? = 0
configure:7835: result: yes
configure:7844: checking whether C compiler accepts -g -O2 -pthread -fvisibility=hidden -fPIC -fPIE -fno-strict-aliasing -fno-strict-overflow -fstack-protector -Wextra -Wno-unknown-warning-option -Wbad-function-cast -Wcast-qual -Wdiv-by-zero -Wduplicated-branches
configure:7863: gcc -o conftest -g -O2 -pthread -fvisibility=hidden -fPIC -fPIE -fno-strict-aliasing -fno-strict-overflow -fstack-protector  -g -O2 -pthread -fvisibility=hidden -fPIC -fPIE -fno-strict-aliasing -fno-strict-overflow -fstack-protector -Wextra -Wno-unknown-warning-option -Wbad-function-cast -Wcast-qual -Wdiv-by-zero -Wduplicated-branches  -D_FORTIFY_SOURCE=2  -pie conftest.c   >&5
clang: warning: argument unused during compilation: '-pie' [-Wunused-command-line-argument]
configure:7863: $? = 0
configure:7873: result: yes
configure:7882: checking whether C compiler accepts -g -O2 -pthread -fvisibility=hidden -fPIC -fPIE -fno-strict-aliasing -fno-strict-overflow -fstack-protector -Wextra -Wno-unknown-warning-option -Wbad-function-cast -Wcast-qual -Wdiv-by-zero -Wduplicated-branches -Wduplicated-cond
configure:7901: gcc -o conftest -g -O2 -pthread -fvisibility=hidden -fPIC -fPIE -fno-strict-aliasing -fno-strict-overflow -fstack-protector  -g -O2 -pthread -fvisibility=hidden -fPIC -fPIE -fno-strict-aliasing -fno-strict-overflow -fstack-protector -Wextra -Wno-unknown-warning-option -Wbad-function-cast -Wcast-qual -Wdiv-by-zero -Wduplicated-branches -Wduplicated-cond  -D_FORTIFY_SOURCE=2  -pie conftest.c   >&5
clang: warning: argument unused during compilation: '-pie' [-Wunused-command-line-argument]
configure:7901: $? = 0
configure:7911: result: yes
configure:7920: checking whether C compiler accepts -g -O2 -pthread -fvisibility=hidden -fPIC -fPIE -fno-strict-aliasing -fno-strict-overflow -fstack-protector -Wextra -Wno-unknown-warning-option -Wbad-function-cast -Wcast-qual -Wdiv-by-zero -Wduplicated-branches -Wduplicated-cond -Wfloat-equal
configure:7939: gcc -o conftest -g -O2 -pthread -fvisibility=hidden -fPIC -fPIE -fno-strict-aliasing -fno-strict-overflow -fstack-protector  -g -O2 -pthread -fvisibility=hidden -fPIC -fPIE -fno-strict-aliasing -fno-strict-overflow -fstack-protector -Wextra -Wno-unknown-warning-option -Wbad-function-cast -Wcast-qual -Wdiv-by-zero -Wduplicated-branches -Wduplicated-cond -Wfloat-equal  -D_FORTIFY_SOURCE=2  -pie conftest.c   >&5
clang: warning: argument unused during compilation: '-pie' [-Wunused-command-line-argument]
configure:7939: $? = 0
configure:7949: result: yes
configure:7958: checking whether C compiler accepts -g -O2 -pthread -fvisibility=hidden -fPIC -fPIE -fno-strict-aliasing -fno-strict-overflow -fstack-protector -Wextra -Wno-unknown-warning-option -Wbad-function-cast -Wcast-qual -Wdiv-by-zero -Wduplicated-branches -Wduplicated-cond -Wfloat-equal -Wformat=2
configure:7977: gcc -o conftest -g -O2 -pthread -fvisibility=hidden -fPIC -fPIE -fno-strict-aliasing -fno-strict-overflow -fstack-protector  -g -O2 -pthread -fvisibility=hidden -fPIC -fPIE -fno-strict-aliasing -fno-strict-overflow -fstack-protector -Wextra -Wno-unknown-warning-option -Wbad-function-cast -Wcast-qual -Wdiv-by-zero -Wduplicated-branches -Wduplicated-cond -Wfloat-equal -Wformat=2  -D_FORTIFY_SOURCE=2  -pie conftest.c   >&5
clang: warning: argument unused during compilation: '-pie' [-Wunused-command-line-argument]
configure:7977: $? = 0
configure:7987: result: yes
configure:7996: checking whether C compiler accepts -g -O2 -pthread -fvisibility=hidden -fPIC -fPIE -fno-strict-aliasing -fno-strict-overflow -fstack-protector -Wextra -Wno-unknown-warning-option -Wbad-function-cast -Wcast-qual -Wdiv-by-zero -Wduplicated-branches -Wduplicated-cond -Wfloat-equal -Wformat=2 -Wlogical-op
configure:8015: gcc -o conftest -g -O2 -pthread -fvisibility=hidden -fPIC -fPIE -fno-strict-aliasing -fno-strict-overflow -fstack-protector  -g -O2 -pthread -fvisibility=hidden -fPIC -fPIE -fno-strict-aliasing -fno-strict-overflow -fstack-protector -Wextra -Wno-unknown-warning-option -Wbad-function-cast -Wcast-qual -Wdiv-by-zero -Wduplicated-branches -Wduplicated-cond -Wfloat-equal -Wformat=2 -Wlogical-op  -D_FORTIFY_SOURCE=2  -pie conftest.c   >&5
clang: warning: argument unused during compilation: '-pie' [-Wunused-command-line-argument]
configure:8015: $? = 0
configure:8025: result: yes
configure:8034: checking whether C compiler accepts -g -O2 -pthread -fvisibility=hidden -fPIC -fPIE -fno-strict-aliasing -fno-strict-overflow -fstack-protector -Wextra -Wno-unknown-warning-option -Wbad-function-cast -Wcast-qual -Wdiv-by-zero -Wduplicated-branches -Wduplicated-cond -Wfloat-equal -Wformat=2 -Wlogical-op -Wmaybe-uninitialized
configure:8053: gcc -o conftest -g -O2 -pthread -fvisibility=hidden -fPIC -fPIE -fno-strict-aliasing -fno-strict-overflow -fstack-protector  -g -O2 -pthread -fvisibility=hidden -fPIC -fPIE -fno-strict-aliasing -fno-strict-overflow -fstack-protector -Wextra -Wno-unknown-warning-option -Wbad-function-cast -Wcast-qual -Wdiv-by-zero -Wduplicated-branches -Wduplicated-cond -Wfloat-equal -Wformat=2 -Wlogical-op -Wmaybe-uninitialized  -D_FORTIFY_SOURCE=2  -pie conftest.c   >&5
clang: warning: argument unused during compilation: '-pie' [-Wunused-command-line-argument]
configure:8053: $? = 0
configure:8063: result: yes
configure:8072: checking whether C compiler accepts -g -O2 -pthread -fvisibility=hidden -fPIC -fPIE -fno-strict-aliasing -fno-strict-overflow -fstack-protector -Wextra -Wno-unknown-warning-option -Wbad-function-cast -Wcast-qual -Wdiv-by-zero -Wduplicated-branches -Wduplicated-cond -Wfloat-equal -Wformat=2 -Wlogical-op -Wmaybe-uninitialized -Wmisleading-indentation
configure:8091: gcc -o conftest -g -O2 -pthread -fvisibility=hidden -fPIC -fPIE -fno-strict-aliasing -fno-strict-overflow -fstack-protector  -g -O2 -pthread -fvisibility=hidden -fPIC -fPIE -fno-strict-aliasing -fno-strict-overflow -fstack-protector -Wextra -Wno-unknown-warning-option -Wbad-function-cast -Wcast-qual -Wdiv-by-zero -Wduplicated-branches -Wduplicated-cond -Wfloat-equal -Wformat=2 -Wlogical-op -Wmaybe-uninitialized -Wmisleading-indentation  -D_FORTIFY_SOURCE=2  -pie conftest.c   >&5
clang: warning: argument unused during compilation: '-pie' [-Wunused-command-line-argument]
configure:8091: $? = 0
configure:8101: result: yes
configure:8110: checking whether C compiler accepts -g -O2 -pthread -fvisibility=hidden -fPIC -fPIE -fno-strict-aliasing -fno-strict-overflow -fstack-protector -Wextra -Wno-unknown-warning-option -Wbad-function-cast -Wcast-qual -Wdiv-by-zero -Wduplicated-branches -Wduplicated-cond -Wfloat-equal -Wformat=2 -Wlogical-op -Wmaybe-uninitialized -Wmisleading-indentation -Wmissing-declarations
configure:8129: gcc -o conftest -g -O2 -pthread -fvisibility=hidden -fPIC -fPIE -fno-strict-aliasing -fno-strict-overflow -fstack-protector  -g -O2 -pthread -fvisibility=hidden -fPIC -fPIE -fno-strict-aliasing -fno-strict-overflow -fstack-protector -Wextra -Wno-unknown-warning-option -Wbad-function-cast -Wcast-qual -Wdiv-by-zero -Wduplicated-branches -Wduplicated-cond -Wfloat-equal -Wformat=2 -Wlogical-op -Wmaybe-uninitialized -Wmisleading-indentation -Wmissing-declarations  -D_FORTIFY_SOURCE=2  -pie conftest.c   >&5
clang: warning: argument unused during compilation: '-pie' [-Wunused-command-line-argument]
configure:8129: $? = 0
configure:8139: result: yes
configure:8148: checking whether C compiler accepts -g -O2 -pthread -fvisibility=hidden -fPIC -fPIE -fno-strict-aliasing -fno-strict-overflow -fstack-protector -Wextra -Wno-unknown-warning-option -Wbad-function-cast -Wcast-qual -Wdiv-by-zero -Wduplicated-branches -Wduplicated-cond -Wfloat-equal -Wformat=2 -Wlogical-op -Wmaybe-uninitialized -Wmisleading-indentation -Wmissing-declarations -Wmissing-prototypes
configure:8167: gcc -o conftest -g -O2 -pthread -fvisibility=hidden -fPIC -fPIE -fno-strict-aliasing -fno-strict-overflow -fstack-protector  -g -O2 -pthread -fvisibility=hidden -fPIC -fPIE -fno-strict-aliasing -fno-strict-overflow -fstack-protector -Wextra -Wno-unknown-warning-option -Wbad-function-cast -Wcast-qual -Wdiv-by-zero -Wduplicated-branches -Wduplicated-cond -Wfloat-equal -Wformat=2 -Wlogical-op -Wmaybe-uninitialized -Wmisleading-indentation -Wmissing-declarations -Wmissing-prototypes  -D_FORTIFY_SOURCE=2  -pie conftest.c   >&5
clang: warning: argument unused during compilation: '-pie' [-Wunused-command-line-argument]
configure:8167: $? = 0
configure:8177: result: yes
configure:8186: checking whether C compiler accepts -g -O2 -pthread -fvisibility=hidden -fPIC -fPIE -fno-strict-aliasing -fno-strict-overflow -fstack-protector -Wextra -Wno-unknown-warning-option -Wbad-function-cast -Wcast-qual -Wdiv-by-zero -Wduplicated-branches -Wduplicated-cond -Wfloat-equal -Wformat=2 -Wlogical-op -Wmaybe-uninitialized -Wmisleading-indentation -Wmissing-declarations -Wmissing-prototypes -Wnested-externs
configure:8205: gcc -o conftest -g -O2 -pthread -fvisibility=hidden -fPIC -fPIE -fno-strict-aliasing -fno-strict-overflow -fstack-protector  -g -O2 -pthread -fvisibility=hidden -fPIC -fPIE -fno-strict-aliasing -fno-strict-overflow -fstack-protector -Wextra -Wno-unknown-warning-option -Wbad-function-cast -Wcast-qual -Wdiv-by-zero -Wduplicated-branches -Wduplicated-cond -Wfloat-equal -Wformat=2 -Wlogical-op -Wmaybe-uninitialized -Wmisleading-indentation -Wmissing-declarations -Wmissing-prototypes -Wnested-externs  -D_FORTIFY_SOURCE=2  -pie conftest.c   >&5
clang: warning: argument unused during compilation: '-pie' [-Wunused-command-line-argument]
configure:8205: $? = 0
configure:8215: result: yes
configure:8224: checking whether C compiler accepts -g -O2 -pthread -fvisibility=hidden -fPIC -fPIE -fno-strict-aliasing -fno-strict-overflow -fstack-protector -Wextra -Wno-unknown-warning-option -Wbad-function-cast -Wcast-qual -Wdiv-by-zero -Wduplicated-branches -Wduplicated-cond -Wfloat-equal -Wformat=2 -Wlogical-op -Wmaybe-uninitialized -Wmisleading-indentation -Wmissing-declarations -Wmissing-prototypes -Wnested-externs -Wno-type-limits
configure:8243: gcc -o conftest -g -O2 -pthread -fvisibility=hidden -fPIC -fPIE -fno-strict-aliasing -fno-strict-overflow -fstack-protector  -g -O2 -pthread -fvisibility=hidden -fPIC -fPIE -fno-strict-aliasing -fno-strict-overflow -fstack-protector -Wextra -Wno-unknown-warning-option -Wbad-function-cast -Wcast-qual -Wdiv-by-zero -Wduplicated-branches -Wduplicated-cond -Wfloat-equal -Wformat=2 -Wlogical-op -Wmaybe-uninitialized -Wmisleading-indentation -Wmissing-declarations -Wmissing-prototypes -Wnested-externs -Wno-type-limits  -D_FORTIFY_SOURCE=2  -pie conftest.c   >&5
clang: warning: argument unused during compilation: '-pie' [-Wunused-command-line-argument]
configure:8243: $? = 0
configure:8253: result: yes
configure:8262: checking whether C compiler accepts -g -O2 -pthread -fvisibility=hidden -fPIC -fPIE -fno-strict-aliasing -fno-strict-overflow -fstack-protector -Wextra -Wno-unknown-warning-option -Wbad-function-cast -Wcast-qual -Wdiv-by-zero -Wduplicated-branches -Wduplicated-cond -Wfloat-equal -Wformat=2 -Wlogical-op -Wmaybe-uninitialized -Wmisleading-indentation -Wmissing-declarations -Wmissing-prototypes -Wnested-externs -Wno-type-limits -Wno-unknown-pragmas
configure:8281: gcc -o conftest -g -O2 -pthread -fvisibility=hidden -fPIC -fPIE -fno-strict-aliasing -fno-strict-overflow -fstack-protector  -g -O2 -pthread -fvisibility=hidden -fPIC -fPIE -fno-strict-aliasing -fno-strict-overflow -fstack-protector -Wextra -Wno-unknown-warning-option -Wbad-function-cast -Wcast-qual -Wdiv-by-zero -Wduplicated-branches -Wduplicated-cond -Wfloat-equal -Wformat=2 -Wlogical-op -Wmaybe-uninitialized -Wmisleading-indentation -Wmissing-declarations -Wmissing-prototypes -Wnested-externs -Wno-type-limits -Wno-unknown-pragmas  -D_FORTIFY_SOURCE=2  -pie conftest.c   >&5
clang: warning: argument unused during compilation: '-pie' [-Wunused-command-line-argument]
configure:8281: $? = 0
configure:8291: result: yes
configure:8300: checking whether C compiler accepts -g -O2 -pthread -fvisibility=hidden -fPIC -fPIE -fno-strict-aliasing -fno-strict-overflow -fstack-protector -Wextra -Wno-unknown-warning-option -Wbad-function-cast -Wcast-qual -Wdiv-by-zero -Wduplicated-branches -Wduplicated-cond -Wfloat-equal -Wformat=2 -Wlogical-op -Wmaybe-uninitialized -Wmisleading-indentation -Wmissing-declarations -Wmissing-prototypes -Wnested-externs -Wno-type-limits -Wno-unknown-pragmas -Wnormalized=id
configure:8319: gcc -o conftest -g -O2 -pthread -fvisibility=hidden -fPIC -fPIE -fno-strict-aliasing -fno-strict-overflow -fstack-protector  -g -O2 -pthread -fvisibility=hidden -fPIC -fPIE -fno-strict-aliasing -fno-strict-overflow -fstack-protector -Wextra -Wno-unknown-warning-option -Wbad-function-cast -Wcast-qual -Wdiv-by-zero -Wduplicated-branches -Wduplicated-cond -Wfloat-equal -Wformat=2 -Wlogical-op -Wmaybe-uninitialized -Wmisleading-indentation -Wmissing-declarations -Wmissing-prototypes -Wnested-externs -Wno-type-limits -Wno-unknown-pragmas -Wnormalized=id  -D_FORTIFY_SOURCE=2  -pie conftest.c   >&5
clang: warning: argument unused during compilation: '-pie' [-Wunused-command-line-argument]
configure:8319: $? = 0
configure:8329: result: yes
configure:8338: checking whether C compiler accepts -g -O2 -pthread -fvisibility=hidden -fPIC -fPIE -fno-strict-aliasing -fno-strict-overflow -fstack-protector -Wextra -Wno-unknown-warning-option -Wbad-function-cast -Wcast-qual -Wdiv-by-zero -Wduplicated-branches -Wduplicated-cond -Wfloat-equal -Wformat=2 -Wlogical-op -Wmaybe-uninitialized -Wmisleading-indentation -Wmissing-declarations -Wmissing-prototypes -Wnested-externs -Wno-type-limits -Wno-unknown-pragmas -Wnormalized=id -Wnull-dereference
configure:8357: gcc -o conftest -g -O2 -pthread -fvisibility=hidden -fPIC -fPIE -fno-strict-aliasing -fno-strict-overflow -fstack-protector  -g -O2 -pthread -fvisibility=hidden -fPIC -fPIE -fno-strict-aliasing -fno-strict-overflow -fstack-protector -Wextra -Wno-unknown-warning-option -Wbad-function-cast -Wcast-qual -Wdiv-by-zero -Wduplicated-branches -Wduplicated-cond -Wfloat-equal -Wformat=2 -Wlogical-op -Wmaybe-uninitialized -Wmisleading-indentation -Wmissing-declarations -Wmissing-prototypes -Wnested-externs -Wno-type-limits -Wno-unknown-pragmas -Wnormalized=id -Wnull-dereference  -D_FORTIFY_SOURCE=2  -pie conftest.c   >&5
clang: warning: argument unused during compilation: '-pie' [-Wunused-command-line-argument]
configure:8357: $? = 0
configure:8367: result: yes
configure:8376: checking whether C compiler accepts -g -O2 -pthread -fvisibility=hidden -fPIC -fPIE -fno-strict-aliasing -fno-strict-overflow -fstack-protector -Wextra -Wno-unknown-warning-option -Wbad-function-cast -Wcast-qual -Wdiv-by-zero -Wduplicated-branches -Wduplicated-cond -Wfloat-equal -Wformat=2 -Wlogical-op -Wmaybe-uninitialized -Wmisleading-indentation -Wmissing-declarations -Wmissing-prototypes -Wnested-externs -Wno-type-limits -Wno-unknown-pragmas -Wnormalized=id -Wnull-dereference -Wold-style-declaration
configure:8395: gcc -o conftest -g -O2 -pthread -fvisibility=hidden -fPIC -fPIE -fno-strict-aliasing -fno-strict-overflow -fstack-protector  -g -O2 -pthread -fvisibility=hidden -fPIC -fPIE -fno-strict-aliasing -fno-strict-overflow -fstack-protector -Wextra -Wno-unknown-warning-option -Wbad-function-cast -Wcast-qual -Wdiv-by-zero -Wduplicated-branches -Wduplicated-cond -Wfloat-equal -Wformat=2 -Wlogical-op -Wmaybe-uninitialized -Wmisleading-indentation -Wmissing-declarations -Wmissing-prototypes -Wnested-externs -Wno-type-limits -Wno-unknown-pragmas -Wnormalized=id -Wnull-dereference -Wold-style-declaration  -D_FORTIFY_SOURCE=2  -pie conftest.c   >&5
clang: warning: argument unused during compilation: '-pie' [-Wunused-command-line-argument]
configure:8395: $? = 0
configure:8405: result: yes
configure:8414: checking whether C compiler accepts -g -O2 -pthread -fvisibility=hidden -fPIC -fPIE -fno-strict-aliasing -fno-strict-overflow -fstack-protector -Wextra -Wno-unknown-warning-option -Wbad-function-cast -Wcast-qual -Wdiv-by-zero -Wduplicated-branches -Wduplicated-cond -Wfloat-equal -Wformat=2 -Wlogical-op -Wmaybe-uninitialized -Wmisleading-indentation -Wmissing-declarations -Wmissing-prototypes -Wnested-externs -Wno-type-limits -Wno-unknown-pragmas -Wnormalized=id -Wnull-dereference -Wold-style-declaration -Wpointer-arith
configure:8433: gcc -o conftest -g -O2 -pthread -fvisibility=hidden -fPIC -fPIE -fno-strict-aliasing -fno-strict-overflow -fstack-protector  -g -O2 -pthread -fvisibility=hidden -fPIC -fPIE -fno-strict-aliasing -fno-strict-overflow -fstack-protector -Wextra -Wno-unknown-warning-option -Wbad-function-cast -Wcast-qual -Wdiv-by-zero -Wduplicated-branches -Wduplicated-cond -Wfloat-equal -Wformat=2 -Wlogical-op -Wmaybe-uninitialized -Wmisleading-indentation -Wmissing-declarations -Wmissing-prototypes -Wnested-externs -Wno-type-limits -Wno-unknown-pragmas -Wnormalized=id -Wnull-dereference -Wold-style-declaration -Wpointer-arith  -D_FORTIFY_SOURCE=2  -pie conftest.c   >&5
clang: warning: argument unused during compilation: '-pie' [-Wunused-command-line-argument]
configure:8433: $? = 0
configure:8443: result: yes
configure:8452: checking whether C compiler accepts -g -O2 -pthread -fvisibility=hidden -fPIC -fPIE -fno-strict-aliasing -fno-strict-overflow -fstack-protector -Wextra -Wno-unknown-warning-option -Wbad-function-cast -Wcast-qual -Wdiv-by-zero -Wduplicated-branches -Wduplicated-cond -Wfloat-equal -Wformat=2 -Wlogical-op -Wmaybe-uninitialized -Wmisleading-indentation -Wmissing-declarations -Wmissing-prototypes -Wnested-externs -Wno-type-limits -Wno-unknown-pragmas -Wnormalized=id -Wnull-dereference -Wold-style-declaration -Wpointer-arith -Wredundant-decls
configure:8471: gcc -o conftest -g -O2 -pthread -fvisibility=hidden -fPIC -fPIE -fno-strict-aliasing -fno-strict-overflow -fstack-protector  -g -O2 -pthread -fvisibility=hidden -fPIC -fPIE -fno-strict-aliasing -fno-strict-overflow -fstack-protector -Wextra -Wno-unknown-warning-option -Wbad-function-cast -Wcast-qual -Wdiv-by-zero -Wduplicated-branches -Wduplicated-cond -Wfloat-equal -Wformat=2 -Wlogical-op -Wmaybe-uninitialized -Wmisleading-indentation -Wmissing-declarations -Wmissing-prototypes -Wnested-externs -Wno-type-limits -Wno-unknown-pragmas -Wnormalized=id -Wnull-dereference -Wold-style-declaration -Wpointer-arith -Wredundant-decls  -D_FORTIFY_SOURCE=2  -pie conftest.c   >&5
clang: warning: argument unused during compilation: '-pie' [-Wunused-command-line-argument]
configure:8471: $? = 0
configure:8481: result: yes
configure:8490: checking whether C compiler accepts -g -O2 -pthread -fvisibility=hidden -fPIC -fPIE -fno-strict-aliasing -fno-strict-overflow -fstack-protector -Wextra -Wno-unknown-warning-option -Wbad-function-cast -Wcast-qual -Wdiv-by-zero -Wduplicated-branches -Wduplicated-cond -Wfloat-equal -Wformat=2 -Wlogical-op -Wmaybe-uninitialized -Wmisleading-indentation -Wmissing-declarations -Wmissing-prototypes -Wnested-externs -Wno-type-limits -Wno-unknown-pragmas -Wnormalized=id -Wnull-dereference -Wold-style-declaration -Wpointer-arith -Wredundant-decls -Wrestrict
configure:8509: gcc -o conftest -g -O2 -pthread -fvisibility=hidden -fPIC -fPIE -fno-strict-aliasing -fno-strict-overflow -fstack-protector  -g -O2 -pthread -fvisibility=hidden -fPIC -fPIE -fno-strict-aliasing -fno-strict-overflow -fstack-protector -Wextra -Wno-unknown-warning-option -Wbad-function-cast -Wcast-qual -Wdiv-by-zero -Wduplicated-branches -Wduplicated-cond -Wfloat-equal -Wformat=2 -Wlogical-op -Wmaybe-uninitialized -Wmisleading-indentation -Wmissing-declarations -Wmissing-prototypes -Wnested-externs -Wno-type-limits -Wno-unknown-pragmas -Wnormalized=id -Wnull-dereference -Wold-style-declaration -Wpointer-arith -Wredundant-decls -Wrestrict  -D_FORTIFY_SOURCE=2  -pie conftest.c   >&5
clang: warning: argument unused during compilation: '-pie' [-Wunused-command-line-argument]
configure:8509: $? = 0
configure:8519: result: yes
configure:8528: checking whether C compiler accepts -g -O2 -pthread -fvisibility=hidden -fPIC -fPIE -fno-strict-aliasing -fno-strict-overflow -fstack-protector -Wextra -Wno-unknown-warning-option -Wbad-function-cast -Wcast-qual -Wdiv-by-zero -Wduplicated-branches -Wduplicated-cond -Wfloat-equal -Wformat=2 -Wlogical-op -Wmaybe-uninitialized -Wmisleading-indentation -Wmissing-declarations -Wmissing-prototypes -Wnested-externs -Wno-type-limits -Wno-unknown-pragmas -Wnormalized=id -Wnull-dereference -Wold-style-declaration -Wpointer-arith -Wredundant-decls -Wrestrict -Wshorten-64-to-32
configure:8547: gcc -o conftest -g -O2 -pthread -fvisibility=hidden -fPIC -fPIE -fno-strict-aliasing -fno-strict-overflow -fstack-protector  -g -O2 -pthread -fvisibility=hidden -fPIC -fPIE -fno-strict-aliasing -fno-strict-overflow -fstack-protector -Wextra -Wno-unknown-warning-option -Wbad-function-cast -Wcast-qual -Wdiv-by-zero -Wduplicated-branches -Wduplicated-cond -Wfloat-equal -Wformat=2 -Wlogical-op -Wmaybe-uninitialized -Wmisleading-indentation -Wmissing-declarations -Wmissing-prototypes -Wnested-externs -Wno-type-limits -Wno-unknown-pragmas -Wnormalized=id -Wnull-dereference -Wold-style-declaration -Wpointer-arith -Wredundant-decls -Wrestrict -Wshorten-64-to-32  -D_FORTIFY_SOURCE=2  -pie conftest.c   >&5
clang: warning: argument unused during compilation: '-pie' [-Wunused-command-line-argument]
configure:8547: $? = 0
configure:8557: result: yes
configure:8566: checking whether C compiler accepts -g -O2 -pthread -fvisibility=hidden -fPIC -fPIE -fno-strict-aliasing -fno-strict-overflow -fstack-protector -Wextra -Wno-unknown-warning-option -Wbad-function-cast -Wcast-qual -Wdiv-by-zero -Wduplicated-branches -Wduplicated-cond -Wfloat-equal -Wformat=2 -Wlogical-op -Wmaybe-uninitialized -Wmisleading-indentation -Wmissing-declarations -Wmissing-prototypes -Wnested-externs -Wno-type-limits -Wno-unknown-pragmas -Wnormalized=id -Wnull-dereference -Wold-style-declaration -Wpointer-arith -Wredundant-decls -Wrestrict -Wshorten-64-to-32 -Wsometimes-uninitialized
configure:8585: gcc -o conftest -g -O2 -pthread -fvisibility=hidden -fPIC -fPIE -fno-strict-aliasing -fno-strict-overflow -fstack-protector  -g -O2 -pthread -fvisibility=hidden -fPIC -fPIE -fno-strict-aliasing -fno-strict-overflow -fstack-protector -Wextra -Wno-unknown-warning-option -Wbad-function-cast -Wcast-qual -Wdiv-by-zero -Wduplicated-branches -Wduplicated-cond -Wfloat-equal -Wformat=2 -Wlogical-op -Wmaybe-uninitialized -Wmisleading-indentation -Wmissing-declarations -Wmissing-prototypes -Wnested-externs -Wno-type-limits -Wno-unknown-pragmas -Wnormalized=id -Wnull-dereference -Wold-style-declaration -Wpointer-arith -Wredundant-decls -Wrestrict -Wshorten-64-to-32 -Wsometimes-uninitialized  -D_FORTIFY_SOURCE=2  -pie conftest.c   >&5
clang: warning: argument unused during compilation: '-pie' [-Wunused-command-line-argument]
configure:8585: $? = 0
configure:8595: result: yes
configure:8604: checking whether C compiler accepts -g -O2 -pthread -fvisibility=hidden -fPIC -fPIE -fno-strict-aliasing -fno-strict-overflow -fstack-protector -Wextra -Wno-unknown-warning-option -Wbad-function-cast -Wcast-qual -Wdiv-by-zero -Wduplicated-branches -Wduplicated-cond -Wfloat-equal -Wformat=2 -Wlogical-op -Wmaybe-uninitialized -Wmisleading-indentation -Wmissing-declarations -Wmissing-prototypes -Wnested-externs -Wno-type-limits -Wno-unknown-pragmas -Wnormalized=id -Wnull-dereference -Wold-style-declaration -Wpointer-arith -Wredundant-decls -Wrestrict -Wshorten-64-to-32 -Wsometimes-uninitialized -Wstrict-prototypes
configure:8623: gcc -o conftest -g -O2 -pthread -fvisibility=hidden -fPIC -fPIE -fno-strict-aliasing -fno-strict-overflow -fstack-protector  -g -O2 -pthread -fvisibility=hidden -fPIC -fPIE -fno-strict-aliasing -fno-strict-overflow -fstack-protector -Wextra -Wno-unknown-warning-option -Wbad-function-cast -Wcast-qual -Wdiv-by-zero -Wduplicated-branches -Wduplicated-cond -Wfloat-equal -Wformat=2 -Wlogical-op -Wmaybe-uninitialized -Wmisleading-indentation -Wmissing-declarations -Wmissing-prototypes -Wnested-externs -Wno-type-limits -Wno-unknown-pragmas -Wnormalized=id -Wnull-dereference -Wold-style-declaration -Wpointer-arith -Wredundant-decls -Wrestrict -Wshorten-64-to-32 -Wsometimes-uninitialized -Wstrict-prototypes  -D_FORTIFY_SOURCE=2  -pie conftest.c   >&5
clang: warning: argument unused during compilation: '-pie' [-Wunused-command-line-argument]
configure:8623: $? = 0
configure:8633: result: yes
configure:8642: checking whether C compiler accepts -g -O2 -pthread -fvisibility=hidden -fPIC -fPIE -fno-strict-aliasing -fno-strict-overflow -fstack-protector -Wextra -Wno-unknown-warning-option -Wbad-function-cast -Wcast-qual -Wdiv-by-zero -Wduplicated-branches -Wduplicated-cond -Wfloat-equal -Wformat=2 -Wlogical-op -Wmaybe-uninitialized -Wmisleading-indentation -Wmissing-declarations -Wmissing-prototypes -Wnested-externs -Wno-type-limits -Wno-unknown-pragmas -Wnormalized=id -Wnull-dereference -Wold-style-declaration -Wpointer-arith -Wredundant-decls -Wrestrict -Wshorten-64-to-32 -Wsometimes-uninitialized -Wstrict-prototypes -Wswitch-enum
configure:8661: gcc -o conftest -g -O2 -pthread -fvisibility=hidden -fPIC -fPIE -fno-strict-aliasing -fno-strict-overflow -fstack-protector  -g -O2 -pthread -fvisibility=hidden -fPIC -fPIE -fno-strict-aliasing -fno-strict-overflow -fstack-protector -Wextra -Wno-unknown-warning-option -Wbad-function-cast -Wcast-qual -Wdiv-by-zero -Wduplicated-branches -Wduplicated-cond -Wfloat-equal -Wformat=2 -Wlogical-op -Wmaybe-uninitialized -Wmisleading-indentation -Wmissing-declarations -Wmissing-prototypes -Wnested-externs -Wno-type-limits -Wno-unknown-pragmas -Wnormalized=id -Wnull-dereference -Wold-style-declaration -Wpointer-arith -Wredundant-decls -Wrestrict -Wshorten-64-to-32 -Wsometimes-uninitialized -Wstrict-prototypes -Wswitch-enum  -D_FORTIFY_SOURCE=2  -pie conftest.c   >&5
clang: warning: argument unused during compilation: '-pie' [-Wunused-command-line-argument]
configure:8661: $? = 0
configure:8671: result: yes
configure:8680: checking whether C compiler accepts -g -O2 -pthread -fvisibility=hidden -fPIC -fPIE -fno-strict-aliasing -fno-strict-overflow -fstack-protector -Wextra -Wno-unknown-warning-option -Wbad-function-cast -Wcast-qual -Wdiv-by-zero -Wduplicated-branches -Wduplicated-cond -Wfloat-equal -Wformat=2 -Wlogical-op -Wmaybe-uninitialized -Wmisleading-indentation -Wmissing-declarations -Wmissing-prototypes -Wnested-externs -Wno-type-limits -Wno-unknown-pragmas -Wnormalized=id -Wnull-dereference -Wold-style-declaration -Wpointer-arith -Wredundant-decls -Wrestrict -Wshorten-64-to-32 -Wsometimes-uninitialized -Wstrict-prototypes -Wswitch-enum -Wvariable-decl
configure:8699: gcc -o conftest -g -O2 -pthread -fvisibility=hidden -fPIC -fPIE -fno-strict-aliasing -fno-strict-overflow -fstack-protector  -g -O2 -pthread -fvisibility=hidden -fPIC -fPIE -fno-strict-aliasing -fno-strict-overflow -fstack-protector -Wextra -Wno-unknown-warning-option -Wbad-function-cast -Wcast-qual -Wdiv-by-zero -Wduplicated-branches -Wduplicated-cond -Wfloat-equal -Wformat=2 -Wlogical-op -Wmaybe-uninitialized -Wmisleading-indentation -Wmissing-declarations -Wmissing-prototypes -Wnested-externs -Wno-type-limits -Wno-unknown-pragmas -Wnormalized=id -Wnull-dereference -Wold-style-declaration -Wpointer-arith -Wredundant-decls -Wrestrict -Wshorten-64-to-32 -Wsometimes-uninitialized -Wstrict-prototypes -Wswitch-enum -Wvariable-decl  -D_FORTIFY_SOURCE=2  -pie conftest.c   >&5
clang: warning: argument unused during compilation: '-pie' [-Wunused-command-line-argument]
configure:8699: $? = 0
configure:8709: result: yes
configure:8718: checking whether C compiler accepts -g -O2 -pthread -fvisibility=hidden -fPIC -fPIE -fno-strict-aliasing -fno-strict-overflow -fstack-protector -Wextra -Wno-unknown-warning-option -Wbad-function-cast -Wcast-qual -Wdiv-by-zero -Wduplicated-branches -Wduplicated-cond -Wfloat-equal -Wformat=2 -Wlogical-op -Wmaybe-uninitialized -Wmisleading-indentation -Wmissing-declarations -Wmissing-prototypes -Wnested-externs -Wno-type-limits -Wno-unknown-pragmas -Wnormalized=id -Wnull-dereference -Wold-style-declaration -Wpointer-arith -Wredundant-decls -Wrestrict -Wshorten-64-to-32 -Wsometimes-uninitialized -Wstrict-prototypes -Wswitch-enum -Wvariable-decl -Wwrite-strings
configure:8737: gcc -o conftest -g -O2 -pthread -fvisibility=hidden -fPIC -fPIE -fno-strict-aliasing -fno-strict-overflow -fstack-protector  -g -O2 -pthread -fvisibility=hidden -fPIC -fPIE -fno-strict-aliasing -fno-strict-overflow -fstack-protector -Wextra -Wno-unknown-warning-option -Wbad-function-cast -Wcast-qual -Wdiv-by-zero -Wduplicated-branches -Wduplicated-cond -Wfloat-equal -Wformat=2 -Wlogical-op -Wmaybe-uninitialized -Wmisleading-indentation -Wmissing-declarations -Wmissing-prototypes -Wnested-externs -Wno-type-limits -Wno-unknown-pragmas -Wnormalized=id -Wnull-dereference -Wold-style-declaration -Wpointer-arith -Wredundant-decls -Wrestrict -Wshorten-64-to-32 -Wsometimes-uninitialized -Wstrict-prototypes -Wswitch-enum -Wvariable-decl -Wwrite-strings  -D_FORTIFY_SOURCE=2  -pie conftest.c   >&5
clang: warning: argument unused during compilation: '-pie' [-Wunused-command-line-argument]
configure:8737: $? = 0
configure:8747: result: yes
configure:8756: checking whether the linker accepts -Wl,-z,relro
configure:8775: gcc -o conftest -g -O2 -pthread -fvisibility=hidden -fPIC -fPIE -fno-strict-aliasing -fno-strict-overflow -fstack-protector  -D_FORTIFY_SOURCE=2  -pie  -Wl,-z,relro conftest.c   >&5
clang: warning: argument unused during compilation: '-pie' [-Wunused-command-line-argument]
ld: unknown option: -z
clang: error: linker command failed with exit code 1 (use -v to see invocation)
configure:8775: $? = 1
configure: failed program was:
| /* confdefs.h */
| #define PACKAGE_NAME "libsodium"
| #define PACKAGE_TARNAME "libsodium"
| #define PACKAGE_VERSION "1.0.18"
| #define PACKAGE_STRING "libsodium 1.0.18"
| #define PACKAGE_BUGREPORT "https://github.com/jedisct1/libsodium/issues"
| #define PACKAGE_URL "https://github.com/jedisct1/libsodium"
| #define PACKAGE "libsodium"
| #define VERSION "1.0.18"
| #define HAVE_PTHREAD_PRIO_INHERIT 1
| #define HAVE_PTHREAD 1
| #define STDC_HEADERS 1
| #define HAVE_SYS_TYPES_H 1
| #define HAVE_SYS_STAT_H 1
| #define HAVE_STDLIB_H 1
| #define HAVE_STRING_H 1
| #define HAVE_MEMORY_H 1
| #define HAVE_STRINGS_H 1
| #define HAVE_INTTYPES_H 1
| #define HAVE_STDINT_H 1
| #define HAVE_UNISTD_H 1
| #define __EXTENSIONS__ 1
| #define _ALL_SOURCE 1
| #define _GNU_SOURCE 1
| #define _POSIX_PTHREAD_SEMANTICS 1
| #define _TANDEM_SOURCE 1
| #define HAVE_C_VARARRAYS 1
| /* end confdefs.h.  */
| #include <time.h>
| int
| main ()
| {
| time_t x; int fodder = 0; if (fodder > -1000 && time(&x)) return (int) x
|   ;
|   return 0;
| }
configure:8784: result: no
configure:8792: checking whether the linker accepts -Wl,-z,now
configure:8811: gcc -o conftest -g -O2 -pthread -fvisibility=hidden -fPIC -fPIE -fno-strict-aliasing -fno-strict-overflow -fstack-protector  -D_FORTIFY_SOURCE=2  -pie  -Wl,-z,now conftest.c   >&5
clang: warning: argument unused during compilation: '-pie' [-Wunused-command-line-argument]
ld: unknown option: -z
clang: error: linker command failed with exit code 1 (use -v to see invocation)
configure:8811: $? = 1
configure: failed program was:
| /* confdefs.h */
| #define PACKAGE_NAME "libsodium"
| #define PACKAGE_TARNAME "libsodium"
| #define PACKAGE_VERSION "1.0.18"
| #define PACKAGE_STRING "libsodium 1.0.18"
| #define PACKAGE_BUGREPORT "https://github.com/jedisct1/libsodium/issues"
| #define PACKAGE_URL "https://github.com/jedisct1/libsodium"
| #define PACKAGE "libsodium"
| #define VERSION "1.0.18"
| #define HAVE_PTHREAD_PRIO_INHERIT 1
| #define HAVE_PTHREAD 1
| #define STDC_HEADERS 1
| #define HAVE_SYS_TYPES_H 1
| #define HAVE_SYS_STAT_H 1
| #define HAVE_STDLIB_H 1
| #define HAVE_STRING_H 1
| #define HAVE_MEMORY_H 1
| #define HAVE_STRINGS_H 1
| #define HAVE_INTTYPES_H 1
| #define HAVE_STDINT_H 1
| #define HAVE_UNISTD_H 1
| #define __EXTENSIONS__ 1
| #define _ALL_SOURCE 1
| #define _GNU_SOURCE 1
| #define _POSIX_PTHREAD_SEMANTICS 1
| #define _TANDEM_SOURCE 1
| #define HAVE_C_VARARRAYS 1
| /* end confdefs.h.  */
| #include <time.h>
| int
| main ()
| {
| time_t x; int fodder = 0; if (fodder > -1000 && time(&x)) return (int) x
|   ;
|   return 0;
| }
configure:8820: result: no
configure:8828: checking whether the linker accepts -Wl,-z,noexecstack
configure:8847: gcc -o conftest -g -O2 -pthread -fvisibility=hidden -fPIC -fPIE -fno-strict-aliasing -fno-strict-overflow -fstack-protector  -D_FORTIFY_SOURCE=2  -pie  -Wl,-z,noexecstack conftest.c   >&5
clang: warning: argument unused during compilation: '-pie' [-Wunused-command-line-argument]
ld: unknown option: -z
clang: error: linker command failed with exit code 1 (use -v to see invocation)
configure:8847: $? = 1
configure: failed program was:
| /* confdefs.h */
| #define PACKAGE_NAME "libsodium"
| #define PACKAGE_TARNAME "libsodium"
| #define PACKAGE_VERSION "1.0.18"
| #define PACKAGE_STRING "libsodium 1.0.18"
| #define PACKAGE_BUGREPORT "https://github.com/jedisct1/libsodium/issues"
| #define PACKAGE_URL "https://github.com/jedisct1/libsodium"
| #define PACKAGE "libsodium"
| #define VERSION "1.0.18"
| #define HAVE_PTHREAD_PRIO_INHERIT 1
| #define HAVE_PTHREAD 1
| #define STDC_HEADERS 1
| #define HAVE_SYS_TYPES_H 1
| #define HAVE_SYS_STAT_H 1
| #define HAVE_STDLIB_H 1
| #define HAVE_STRING_H 1
| #define HAVE_MEMORY_H 1
| #define HAVE_STRINGS_H 1
| #define HAVE_INTTYPES_H 1
| #define HAVE_STDINT_H 1
| #define HAVE_UNISTD_H 1
| #define __EXTENSIONS__ 1
| #define _ALL_SOURCE 1
| #define _GNU_SOURCE 1
| #define _POSIX_PTHREAD_SEMANTICS 1
| #define _TANDEM_SOURCE 1
| #define HAVE_C_VARARRAYS 1
| /* end confdefs.h.  */
| #include <time.h>
| int
| main ()
| {
| time_t x; int fodder = 0; if (fodder > -1000 && time(&x)) return (int) x
|   ;
|   return 0;
| }
configure:8856: result: no
configure:8866: checking whether segmentation violations can be caught when using the C compiler
configure:8903: gcc -o conftest -g -O2 -pthread -fvisibility=hidden -fPIC -fPIE -fno-strict-aliasing -fno-strict-overflow -fstack-protector  -D_FORTIFY_SOURCE=2  -pie conftest.c   >&5
clang: warning: argument unused during compilation: '-pie' [-Wunused-command-line-argument]
configure:8903: $? = 0
configure:8903: ./conftest
configure:8903: $? = 0
configure:8914: result: yes
configure:8927: checking whether SIGABRT can be caught when using the C compiler
configure:8979: gcc -o conftest -g -O2 -pthread -fvisibility=hidden -fPIC -fPIE -fno-strict-aliasing -fno-strict-overflow -fstack-protector  -D_FORTIFY_SOURCE=2  -pie conftest.c   >&5
clang: warning: argument unused during compilation: '-pie' [-Wunused-command-line-argument]
configure:8979: $? = 0
configure:8979: ./conftest
configure:8979: $? = 0
configure:8990: result: yes
configure:9006: checking for thread local storage (TLS) class
configure:9032: gcc -c -g -O2 -pthread -fvisibility=hidden -fPIC -fPIE -fno-strict-aliasing -fno-strict-overflow -fstack-protector  -D_FORTIFY_SOURCE=2 conftest.c >&5
conftest.c:34:24: error: unknown type name 'thread_local'
               static  thread_local  int bar;
                       ^
conftest.c:34:38: error: expected identifier or '('
               static  thread_local  int bar;
                                     ^
2 errors generated.
configure:9032: $? = 1
configure: failed program was:
| /* confdefs.h */
| #define PACKAGE_NAME "libsodium"
| #define PACKAGE_TARNAME "libsodium"
| #define PACKAGE_VERSION "1.0.18"
| #define PACKAGE_STRING "libsodium 1.0.18"
| #define PACKAGE_BUGREPORT "https://github.com/jedisct1/libsodium/issues"
| #define PACKAGE_URL "https://github.com/jedisct1/libsodium"
| #define PACKAGE "libsodium"
| #define VERSION "1.0.18"
| #define HAVE_PTHREAD_PRIO_INHERIT 1
| #define HAVE_PTHREAD 1
| #define STDC_HEADERS 1
| #define HAVE_SYS_TYPES_H 1
| #define HAVE_SYS_STAT_H 1
| #define HAVE_STDLIB_H 1
| #define HAVE_STRING_H 1
| #define HAVE_MEMORY_H 1
| #define HAVE_STRINGS_H 1
| #define HAVE_INTTYPES_H 1
| #define HAVE_STDINT_H 1
| #define HAVE_UNISTD_H 1
| #define __EXTENSIONS__ 1
| #define _ALL_SOURCE 1
| #define _GNU_SOURCE 1
| #define _POSIX_PTHREAD_SEMANTICS 1
| #define _TANDEM_SOURCE 1
| #define HAVE_C_VARARRAYS 1
| #define HAVE_CATCHABLE_SEGV 1
| #define HAVE_CATCHABLE_ABRT 1
| /* end confdefs.h.  */
| #include <stdlib.h>
|                static void
|                foo(void) {
|                static  thread_local  int bar;
|                exit(1);
|                }
| int
| main ()
| {
| 
|   ;
|   return 0;
| }
configure:9032: gcc -c -g -O2 -pthread -fvisibility=hidden -fPIC -fPIE -fno-strict-aliasing -fno-strict-overflow -fstack-protector  -D_FORTIFY_SOURCE=2 conftest.c >&5
configure:9032: $? = 0
configure:9044: result: _Thread_local
configure:9053: result: thread local storage is supported
configure:9055: checking whether C compiler accepts -ftls-model=local-dynamic
configure:9074: gcc -o conftest -g -O2 -pthread -fvisibility=hidden -fPIC -fPIE -fno-strict-aliasing -fno-strict-overflow -fstack-protector  -ftls-model=local-dynamic  -D_FORTIFY_SOURCE=2  -pie conftest.c   >&5
clang: warning: argument unused during compilation: '-pie' [-Wunused-command-line-argument]
configure:9074: $? = 0
configure:9083: result: yes
configure:9144: checking how to print strings
configure:9171: result: printf
configure:9192: checking for a sed that does not truncate output
configure:9256: result: /usr/bin/sed
configure:9274: checking for fgrep
configure:9336: result: /usr/bin/grep -F
configure:9371: checking for ld used by gcc
configure:9438: result: /Applications/Xcode.app/Contents/Developer/Toolchains/XcodeDefault.xctoolchain/usr/bin/ld
configure:9445: checking if the linker (/Applications/Xcode.app/Contents/Developer/Toolchains/XcodeDefault.xctoolchain/usr/bin/ld) is GNU ld
configure:9460: result: no
configure:9472: checking for BSD- or MS-compatible name lister (nm)
configure:9526: result: /usr/bin/nm -B
configure:9656: checking the name lister (/usr/bin/nm -B) interface
configure:9663: gcc -c -g -O2 -pthread -fvisibility=hidden -fPIC -fPIE -fno-strict-aliasing -fno-strict-overflow -fstack-protector -ftls-model=local-dynamic  -D_FORTIFY_SOURCE=2 conftest.c >&5
configure:9666: /usr/bin/nm -B "conftest.o"
configure:9669: output
000000000000021c S _some_variable
configure:9676: result: BSD nm
configure:9679: checking whether ln -s works
configure:9683: result: yes
configure:9691: checking the maximum length of command line arguments
configure:9822: result: 196608
configure:9870: checking how to convert x86_64-apple-darwin18.7.0 file names to x86_64-apple-darwin18.7.0 format
configure:9910: result: func_convert_file_noop
configure:9917: checking how to convert x86_64-apple-darwin18.7.0 file names to toolchain format
configure:9937: result: func_convert_file_noop
configure:9944: checking for /Applications/Xcode.app/Contents/Developer/Toolchains/XcodeDefault.xctoolchain/usr/bin/ld option to reload object files
configure:9951: result: -r
configure:10025: checking for objdump
configure:10041: found /usr/bin/objdump
configure:10052: result: objdump
configure:10084: checking how to recognize dependent libraries
configure:10284: result: pass_all
configure:10369: checking for dlltool
configure:10399: result: no
configure:10429: checking how to associate runtime and link libraries
configure:10456: result: printf %s\n
configure:10516: checking for ar
configure:10532: found /usr/bin/ar
configure:10543: result: ar
configure:10580: checking for archiver @FILE support
configure:10597: gcc -c -g -O2 -pthread -fvisibility=hidden -fPIC -fPIE -fno-strict-aliasing -fno-strict-overflow -fstack-protector -ftls-model=local-dynamic  -D_FORTIFY_SOURCE=2 conftest.c >&5
configure:10597: $? = 0
configure:10600: ar cru libconftest.a @conftest.lst >&5

## ---------------- ##
## Cache variables. ##
## ---------------- ##

ac_cv_build=x86_64-apple-darwin18.7.0
ac_cv_c_compiler_gnu=yes
ac_cv_c_vararrays=yes
ac_cv_defined__FORTIFY_SOURCE=no
ac_cv_defined___wasi__=no
ac_cv_env_AR_set=
ac_cv_env_AR_value=
ac_cv_env_CCASFLAGS_set=
ac_cv_env_CCASFLAGS_value=
ac_cv_env_CCAS_set=
ac_cv_env_CCAS_value=
ac_cv_env_CC_set=
ac_cv_env_CC_value=
ac_cv_env_CFLAGS_set=
ac_cv_env_CFLAGS_value=
ac_cv_env_CPPFLAGS_set=
ac_cv_env_CPPFLAGS_value=
ac_cv_env_CPP_set=
ac_cv_env_CPP_value=
ac_cv_env_CWFLAGS_set=
ac_cv_env_CWFLAGS_value=
ac_cv_env_LDFLAGS_set=
ac_cv_env_LDFLAGS_value=
ac_cv_env_LIBS_set=
ac_cv_env_LIBS_value=
ac_cv_env_LT_SYS_LIBRARY_PATH_set=
ac_cv_env_LT_SYS_LIBRARY_PATH_value=
ac_cv_env_SAFECODE_HOME_set=
ac_cv_env_SAFECODE_HOME_value=
ac_cv_env_build_alias_set=
ac_cv_env_build_alias_value=
ac_cv_env_host_alias_set=
ac_cv_env_host_alias_value=
ac_cv_env_target_alias_set=
ac_cv_env_target_alias_value=
ac_cv_header_inttypes_h=yes
ac_cv_header_memory_h=yes
ac_cv_header_minix_config_h=no
ac_cv_header_stdc=yes
ac_cv_header_stdint_h=yes
ac_cv_header_stdlib_h=yes
ac_cv_header_string_h=yes
ac_cv_header_strings_h=yes
ac_cv_header_sys_stat_h=yes
ac_cv_header_sys_types_h=yes
ac_cv_header_unistd_h=yes
ac_cv_host=x86_64-apple-darwin18.7.0
ac_cv_objext=o
ac_cv_path_EGREP='/usr/bin/grep -E'
ac_cv_path_FGREP='/usr/bin/grep -F'
ac_cv_path_GREP=/usr/bin/grep
ac_cv_path_SED=/usr/bin/sed
ac_cv_path_install='/usr/bin/install -c'
ac_cv_prog_AWK=awk
ac_cv_prog_CPP='gcc -E'
ac_cv_prog_ac_ct_AR=ar
ac_cv_prog_ac_ct_CC=gcc
ac_cv_prog_ac_ct_OBJDUMP=objdump
ac_cv_prog_cc_c89=
ac_cv_prog_cc_c99=
ac_cv_prog_cc_g=yes
ac_cv_prog_make_make_set=yes
ac_cv_safe_to_define___extensions__=yes
ac_cv_tls=_Thread_local
am_cv_CCAS_dependencies_compiler_type=gcc3
am_cv_CC_dependencies_compiler_type=gcc3
am_cv_make_support_nested_variables=yes
am_cv_prog_cc_c_o=yes
am_cv_prog_tar_ustar=gnutar
ax_cv_PTHREAD_CLANG=yes
ax_cv_PTHREAD_CLANG_NO_WARN_FLAG=no
ax_cv_PTHREAD_JOINABLE_ATTR=PTHREAD_CREATE_JOINABLE
ax_cv_PTHREAD_PRIO_INHERIT=yes
ax_cv_PTHREAD_SPECIAL_FLAGS=no
ax_cv_check_cCATCHABLE_ABRT=yes
ax_cv_check_cCATCHABLE_SEGV=yes
ax_cv_check_cflags___D_FORTIFY_SOURCE_2=yes
ax_cv_check_cflags___fPIC=yes
ax_cv_check_cflags___fPIE=yes
ax_cv_check_cflags___fno_strict_aliasing=yes
ax_cv_check_cflags___fno_strict_overflow=yes
ax_cv_check_cflags___fstack_protector=yes
ax_cv_check_cflags___ftls_model_local_dynamic=yes
ax_cv_check_cflags___fvisibility_hidden=yes
ax_cv_check_cflags___g__O2__pthread__fvisibility_hidden__fPIC__fPIE__fno_strict_aliasing__fno_strict_overflow__fstack_protector__Wall=yes
ax_cv_check_cflags___g__O2__pthread__fvisibility_hidden__fPIC__fPIE__fno_strict_aliasing__fno_strict_overflow__fstack_protector__Wextra=yes
ax_cv_check_cflags___g__O2__pthread__fvisibility_hidden__fPIC__fPIE__fno_strict_aliasing__fno_strict_overflow__fstack_protector__Wextra__Wno_unknown_warning_option=yes
ax_cv_check_cflags___g__O2__pthread__fvisibility_hidden__fPIC__fPIE__fno_strict_aliasing__fno_strict_overflow__fstack_protector__Wextra__Wno_unknown_warning_option__Wbad_function_cast=yes
ax_cv_check_cflags___g__O2__pthread__fvisibility_hidden__fPIC__fPIE__fno_strict_aliasing__fno_strict_overflow__fstack_protector__Wextra__Wno_unknown_warning_option__Wbad_function_cast__Wcast_qual=yes
ax_cv_check_cflags___g__O2__pthread__fvisibility_hidden__fPIC__fPIE__fno_strict_aliasing__fno_strict_overflow__fstack_protector__Wextra__Wno_unknown_warning_option__Wbad_function_cast__Wcast_qual__Wdiv_by_zero=yes
ax_cv_check_cflags___g__O2__pthread__fvisibility_hidden__fPIC__fPIE__fno_strict_aliasing__fno_strict_overflow__fstack_protector__Wextra__Wno_unknown_warning_option__Wbad_function_cast__Wcast_qual__Wdiv_by_zero__Wduplicated_branches=yes
ax_cv_check_cflags___g__O2__pthread__fvisibility_hidden__fPIC__fPIE__fno_strict_aliasing__fno_strict_overflow__fstack_protector__Wextra__Wno_unknown_warning_option__Wbad_function_cast__Wcast_qual__Wdiv_by_zero__Wduplicated_branches__Wduplicated_cond=yes
ax_cv_check_cflags___g__O2__pthread__fvisibility_hidden__fPIC__fPIE__fno_strict_aliasing__fno_strict_overflow__fstack_protector__Wextra__Wno_unknown_warning_option__Wbad_function_cast__Wcast_qual__Wdiv_by_zero__Wduplicated_branches__Wduplicated_cond__Wfloat_equal=yes
ax_cv_check_cflags___g__O2__pthread__fvisibility_hidden__fPIC__fPIE__fno_strict_aliasing__fno_strict_overflow__fstack_protector__Wextra__Wno_unknown_warning_option__Wbad_function_cast__Wcast_qual__Wdiv_by_zero__Wduplicated_branches__Wduplicated_cond__Wfloat_equal__Wformat_2=yes
ax_cv_check_cflags___g__O2__pthread__fvisibility_hidden__fPIC__fPIE__fno_strict_aliasing__fno_strict_overflow__fstack_protector__Wextra__Wno_unknown_warning_option__Wbad_function_cast__Wcast_qual__Wdiv_by_zero__Wduplicated_branches__Wduplicated_cond__Wfloat_equal__Wformat_2__Wlogical_op=yes
ax_cv_check_cflags___g__O2__pthread__fvisibility_hidden__fPIC__fPIE__fno_strict_aliasing__fno_strict_overflow__fstack_protector__Wextra__Wno_unknown_warning_option__Wbad_function_cast__Wcast_qual__Wdiv_by_zero__Wduplicated_branches__Wduplicated_cond__Wfloat_equal__Wformat_2__Wlogical_op__Wmaybe_uninitialized=yes
ax_cv_check_cflags___g__O2__pthread__fvisibility_hidden__fPIC__fPIE__fno_strict_aliasing__fno_strict_overflow__fstack_protector__Wextra__Wno_unknown_warning_option__Wbad_function_cast__Wcast_qual__Wdiv_by_zero__Wduplicated_branches__Wduplicated_cond__Wfloat_equal__Wformat_2__Wlogical_op__Wmaybe_uninitialized__Wmisleading_indentation=yes
ax_cv_check_cflags___g__O2__pthread__fvisibility_hidden__fPIC__fPIE__fno_strict_aliasing__fno_strict_overflow__fstack_protector__Wextra__Wno_unknown_warning_option__Wbad_function_cast__Wcast_qual__Wdiv_by_zero__Wduplicated_branches__Wduplicated_cond__Wfloat_equal__Wformat_2__Wlogical_op__Wmaybe_uninitialized__Wmisleading_indentation__Wmissing_declarations=yes
ax_cv_check_cflags___g__O2__pthread__fvisibility_hidden__fPIC__fPIE__fno_strict_aliasing__fno_strict_overflow__fstack_protector__Wextra__Wno_unknown_warning_option__Wbad_function_cast__Wcast_qual__Wdiv_by_zero__Wduplicated_branches__Wduplicated_cond__Wfloat_equal__Wformat_2__Wlogical_op__Wmaybe_uninitialized__Wmisleading_indentation__Wmissing_declarations__Wmissing_prototypes=yes
ax_cv_check_cflags___g__O2__pthread__fvisibility_hidden__fPIC__fPIE__fno_strict_aliasing__fno_strict_overflow__fstack_protector__Wextra__Wno_unknown_warning_option__Wbad_function_cast__Wcast_qual__Wdiv_by_zero__Wduplicated_branches__Wduplicated_cond__Wfloat_equal__Wformat_2__Wlogical_op__Wmaybe_uninitialized__Wmisleading_indentation__Wmissing_declarations__Wmissing_prototypes__Wnested_externs=yes
ax_cv_check_cflags___g__O2__pthread__fvisibility_hidden__fPIC__fPIE__fno_strict_aliasing__fno_strict_overflow__fstack_protector__Wextra__Wno_unknown_warning_option__Wbad_function_cast__Wcast_qual__Wdiv_by_zero__Wduplicated_branches__Wduplicated_cond__Wfloat_equal__Wformat_2__Wlogical_op__Wmaybe_uninitialized__Wmisleading_indentation__Wmissing_declarations__Wmissing_prototypes__Wnested_externs__Wno_type_limits=yes
ax_cv_check_cflags___g__O2__pthread__fvisibility_hidden__fPIC__fPIE__fno_strict_aliasing__fno_strict_overflow__fstack_protector__Wextra__Wno_unknown_warning_option__Wbad_function_cast__Wcast_qual__Wdiv_by_zero__Wduplicated_branches__Wduplicated_cond__Wfloat_equal__Wformat_2__Wlogical_op__Wmaybe_uninitialized__Wmisleading_indentation__Wmissing_declarations__Wmissing_prototypes__Wnested_externs__Wno_type_limits__Wno_unknown_pragmas=yes
ax_cv_check_cflags___g__O2__pthread__fvisibility_hidden__fPIC__fPIE__fno_strict_aliasing__fno_strict_overflow__fstack_protector__Wextra__Wno_unknown_warning_option__Wbad_function_cast__Wcast_qual__Wdiv_by_zero__Wduplicated_branches__Wduplicated_cond__Wfloat_equal__Wformat_2__Wlogical_op__Wmaybe_uninitialized__Wmisleading_indentation__Wmissing_declarations__Wmissing_prototypes__Wnested_externs__Wno_type_limits__Wno_unknown_pragmas__Wnormalized_id=yes
ax_cv_check_cflags___g__O2__pthread__fvisibility_hidden__fPIC__fPIE__fno_strict_aliasing__fno_strict_overflow__fstack_protector__Wextra__Wno_unknown_warning_option__Wbad_function_cast__Wcast_qual__Wdiv_by_zero__Wduplicated_branches__Wduplicated_cond__Wfloat_equal__Wformat_2__Wlogical_op__Wmaybe_uninitialized__Wmisleading_indentation__Wmissing_declarations__Wmissing_prototypes__Wnested_externs__Wno_type_limits__Wno_unknown_pragmas__Wnormalized_id__Wnull_dereference=yes
ax_cv_check_cflags___g__O2__pthread__fvisibility_hidden__fPIC__fPIE__fno_strict_aliasing__fno_strict_overflow__fstack_protector__Wextra__Wno_unknown_warning_option__Wbad_function_cast__Wcast_qual__Wdiv_by_zero__Wduplicated_branches__Wduplicated_cond__Wfloat_equal__Wformat_2__Wlogical_op__Wmaybe_uninitialized__Wmisleading_indentation__Wmissing_declarations__Wmissing_prototypes__Wnested_externs__Wno_type_limits__Wno_unknown_pragmas__Wnormalized_id__Wnull_dereference__Wold_style_declaration=yes
ax_cv_check_cflags___g__O2__pthread__fvisibility_hidden__fPIC__fPIE__fno_strict_aliasing__fno_strict_overflow__fstack_protector__Wextra__Wno_unknown_warning_option__Wbad_function_cast__Wcast_qual__Wdiv_by_zero__Wduplicated_branches__Wduplicated_cond__Wfloat_equal__Wformat_2__Wlogical_op__Wmaybe_uninitialized__Wmisleading_indentation__Wmissing_declarations__Wmissing_prototypes__Wnested_externs__Wno_type_limits__Wno_unknown_pragmas__Wnormalized_id__Wnull_dereference__Wold_style_declaration__Wpointer_arith=yes
ax_cv_check_cflags___g__O2__pthread__fvisibility_hidden__fPIC__fPIE__fno_strict_aliasing__fno_strict_overflow__fstack_protector__Wextra__Wno_unknown_warning_option__Wbad_function_cast__Wcast_qual__Wdiv_by_zero__Wduplicated_branches__Wduplicated_cond__Wfloat_equal__Wformat_2__Wlogical_op__Wmaybe_uninitialized__Wmisleading_indentation__Wmissing_declarations__Wmissing_prototypes__Wnested_externs__Wno_type_limits__Wno_unknown_pragmas__Wnormalized_id__Wnull_dereference__Wold_style_declaration__Wpointer_arith__Wredundant_decls=yes
ax_cv_check_cflags___g__O2__pthread__fvisibility_hidden__fPIC__fPIE__fno_strict_aliasing__fno_strict_overflow__fstack_protector__Wextra__Wno_unknown_warning_option__Wbad_function_cast__Wcast_qual__Wdiv_by_zero__Wduplicated_branches__Wduplicated_cond__Wfloat_equal__Wformat_2__Wlogical_op__Wmaybe_uninitialized__Wmisleading_indentation__Wmissing_declarations__Wmissing_prototypes__Wnested_externs__Wno_type_limits__Wno_unknown_pragmas__Wnormalized_id__Wnull_dereference__Wold_style_declaration__Wpointer_arith__Wredundant_decls__Wrestrict=yes
ax_cv_check_cflags___g__O2__pthread__fvisibility_hidden__fPIC__fPIE__fno_strict_aliasing__fno_strict_overflow__fstack_protector__Wextra__Wno_unknown_warning_option__Wbad_function_cast__Wcast_qual__Wdiv_by_zero__Wduplicated_branches__Wduplicated_cond__Wfloat_equal__Wformat_2__Wlogical_op__Wmaybe_uninitialized__Wmisleading_indentation__Wmissing_declarations__Wmissing_prototypes__Wnested_externs__Wno_type_limits__Wno_unknown_pragmas__Wnormalized_id__Wnull_dereference__Wold_style_declaration__Wpointer_arith__Wredundant_decls__Wrestrict__Wshorten_64_to_32=yes
ax_cv_check_cflags___g__O2__pthread__fvisibility_hidden__fPIC__fPIE__fno_strict_aliasing__fno_strict_overflow__fstack_protector__Wextra__Wno_unknown_warning_option__Wbad_function_cast__Wcast_qual__Wdiv_by_zero__Wduplicated_branches__Wduplicated_cond__Wfloat_equal__Wformat_2__Wlogical_op__Wmaybe_uninitialized__Wmisleading_indentation__Wmissing_declarations__Wmissing_prototypes__Wnested_externs__Wno_type_limits__Wno_unknown_pragmas__Wnormalized_id__Wnull_dereference__Wold_style_declaration__Wpointer_arith__Wredundant_decls__Wrestrict__Wshorten_64_to_32__Wsometimes_uninitialized=yes
ax_cv_check_cflags___g__O2__pthread__fvisibility_hidden__fPIC__fPIE__fno_strict_aliasing__fno_strict_overflow__fstack_protector__Wextra__Wno_unknown_warning_option__Wbad_function_cast__Wcast_qual__Wdiv_by_zero__Wduplicated_branches__Wduplicated_cond__Wfloat_equal__Wformat_2__Wlogical_op__Wmaybe_uninitialized__Wmisleading_indentation__Wmissing_declarations__Wmissing_prototypes__Wnested_externs__Wno_type_limits__Wno_unknown_pragmas__Wnormalized_id__Wnull_dereference__Wold_style_declaration__Wpointer_arith__Wredundant_decls__Wrestrict__Wshorten_64_to_32__Wsometimes_uninitialized__Wstrict_prototypes=yes
ax_cv_check_cflags___g__O2__pthread__fvisibility_hidden__fPIC__fPIE__fno_strict_aliasing__fno_strict_overflow__fstack_protector__Wextra__Wno_unknown_warning_option__Wbad_function_cast__Wcast_qual__Wdiv_by_zero__Wduplicated_branches__Wduplicated_cond__Wfloat_equal__Wformat_2__Wlogical_op__Wmaybe_uninitialized__Wmisleading_indentation__Wmissing_declarations__Wmissing_prototypes__Wnested_externs__Wno_type_limits__Wno_unknown_pragmas__Wnormalized_id__Wnull_dereference__Wold_style_declaration__Wpointer_arith__Wredundant_decls__Wrestrict__Wshorten_64_to_32__Wsometimes_uninitialized__Wstrict_prototypes__Wswitch_enum=yes
ax_cv_check_cflags___g__O2__pthread__fvisibility_hidden__fPIC__fPIE__fno_strict_aliasing__fno_strict_overflow__fstack_protector__Wextra__Wno_unknown_warning_option__Wbad_function_cast__Wcast_qual__Wdiv_by_zero__Wduplicated_branches__Wduplicated_cond__Wfloat_equal__Wformat_2__Wlogical_op__Wmaybe_uninitialized__Wmisleading_indentation__Wmissing_declarations__Wmissing_prototypes__Wnested_externs__Wno_type_limits__Wno_unknown_pragmas__Wnormalized_id__Wnull_dereference__Wold_style_declaration__Wpointer_arith__Wredundant_decls__Wrestrict__Wshorten_64_to_32__Wsometimes_uninitialized__Wstrict_prototypes__Wswitch_enum__Wvariable_decl=yes
ax_cv_check_cflags___g__O2__pthread__fvisibility_hidden__fPIC__fPIE__fno_strict_aliasing__fno_strict_overflow__fstack_protector__Wextra__Wno_unknown_warning_option__Wbad_function_cast__Wcast_qual__Wdiv_by_zero__Wduplicated_branches__Wduplicated_cond__Wfloat_equal__Wformat_2__Wlogical_op__Wmaybe_uninitialized__Wmisleading_indentation__Wmissing_declarations__Wmissing_prototypes__Wnested_externs__Wno_type_limits__Wno_unknown_pragmas__Wnormalized_id__Wnull_dereference__Wold_style_declaration__Wpointer_arith__Wredundant_decls__Wrestrict__Wshorten_64_to_32__Wsometimes_uninitialized__Wstrict_prototypes__Wswitch_enum__Wvariable_decl__Wwrite_strings=yes
ax_cv_check_ldflags___Wl__z_noexecstack=no
ax_cv_check_ldflags___Wl__z_now=no
ax_cv_check_ldflags___Wl__z_relro=no
ax_cv_check_ldflags___fstack_protector=yes
ax_cv_check_ldflags___pie=yes
lt_cv_ar_at_file=no
lt_cv_deplibs_check_method=pass_all
lt_cv_file_magic_cmd='$MAGIC_CMD'
lt_cv_file_magic_test_file=
lt_cv_ld_reload_flag=-r
lt_cv_nm_interface='BSD nm'
lt_cv_path_LD=/Applications/Xcode.app/Contents/Developer/Toolchains/XcodeDefault.xctoolchain/usr/bin/ld
lt_cv_path_NM='/usr/bin/nm -B'
lt_cv_prog_gnu_ld=no
lt_cv_sharedlib_from_linklib_cmd='printf %s\n'
lt_cv_sys_max_cmd_len=196608
lt_cv_to_host_file_cmd=func_convert_file_noop
lt_cv_to_tool_file_cmd=func_convert_file_noop

## ----------------- ##
## Output variables. ##
## ----------------- ##

	@echo "Need to use GNU make and reconfigure with --enable-valgrind"'
ACLOCAL='${SHELL} /Users/sgamraou/chatUp/libsodium-1.0.18/build-aux/missing aclocal-1.16'
ALLOCA=''
AMDEPBACKSLASH='\'
AMDEP_FALSE='#'
AMDEP_TRUE=''
AMTAR='$${TAR-tar}'
AM_BACKSLASH='\'
AM_DEFAULT_V='$(AM_DEFAULT_VERBOSITY)'
AM_DEFAULT_VERBOSITY='0'
AM_V='$(V)'
AR='ar'
AS=''
AUTOCONF='${SHELL} /Users/sgamraou/chatUp/libsodium-1.0.18/build-aux/missing autoconf'
AUTOHEADER='${SHELL} /Users/sgamraou/chatUp/libsodium-1.0.18/build-aux/missing autoheader'
AUTOMAKE='${SHELL} /Users/sgamraou/chatUp/libsodium-1.0.18/build-aux/missing automake-1.16'
AWK='awk'
CC='gcc'
CCAS='gcc'
CCASDEPMODE='depmode=gcc3'
CCASFLAGS='-g -O2 -pthread'
CCDEPMODE='depmode=gcc3'
CFLAGS='-g -O2 -pthread -fvisibility=hidden -fPIC -fPIE -fno-strict-aliasing -fno-strict-overflow -fstack-protector -ftls-model=local-dynamic'
CFLAGS_AESNI=''
CFLAGS_AVX2=''
CFLAGS_AVX512F=''
CFLAGS_AVX=''
CFLAGS_MMX=''
CFLAGS_PCLMUL=''
CFLAGS_RDRAND=''
CFLAGS_SSE2=''
CFLAGS_SSE3=''
CFLAGS_SSE41=''
CFLAGS_SSSE3=''
CPP='gcc -E'
CPPFLAGS=' -D_FORTIFY_SOURCE=2'
CWFLAGS='-g -O2 -pthread -fvisibility=hidden -fPIC -fPIE -fno-strict-aliasing -fno-strict-overflow -fstack-protector -Wextra -Wno-unknown-warning-option -Wbad-function-cast -Wcast-qual -Wdiv-by-zero -Wduplicated-branches -Wduplicated-cond -Wfloat-equal -Wformat=2 -Wlogical-op -Wmaybe-uninitialized -Wmisleading-indentation -Wmissing-declarations -Wmissing-prototypes -Wnested-externs -Wno-type-limits -Wno-unknown-pragmas -Wnormalized=id -Wnull-dereference -Wold-style-declaration -Wpointer-arith -Wredundant-decls -Wrestrict -Wshorten-64-to-32 -Wsometimes-uninitialized -Wstrict-prototypes -Wswitch-enum -Wvariable-decl -Wwrite-strings'
CYGPATH_W='echo'
DEFS=''
DEPDIR='.deps'
DLLTOOL='false'
DLL_VERSION='24'
DSYMUTIL=''
DUMPBIN=''
ECHO_C='\c'
ECHO_N=''
ECHO_T=''
EGREP='/usr/bin/grep -E'
EMSCRIPTEN_FALSE=''
EMSCRIPTEN_TRUE=''
ENABLE_VALGRIND_drd='no'
ENABLE_VALGRIND_helgrind='no'
ENABLE_VALGRIND_memcheck='no'
ENABLE_VALGRIND_sgcheck='no'
EXEEXT=''
FGREP='/usr/bin/grep -F'
GREP='/usr/bin/grep'
HAVE_AMD64_ASM_FALSE=''
HAVE_AMD64_ASM_TRUE=''
HAVE_AMD64_ASM_V=''
HAVE_AVX_ASM_FALSE=''
HAVE_AVX_ASM_TRUE=''
HAVE_AVX_ASM_V=''
HAVE_CPUID_V=''
HAVE_LD_OUTPUT_DEF_FALSE=''
HAVE_LD_OUTPUT_DEF_TRUE=''
HAVE_TI_MODE_FALSE=''
HAVE_TI_MODE_TRUE=''
HAVE_TI_MODE_V=''
INSTALL_DATA='${INSTALL} -m 644'
INSTALL_PROGRAM='${INSTALL}'
INSTALL_SCRIPT='${INSTALL}'
INSTALL_STRIP_PROGRAM='$(install_sh) -c -s'
LD='/Applications/Xcode.app/Contents/Developer/Toolchains/XcodeDefault.xctoolchain/usr/bin/ld'
LDFLAGS=' -pie'
LIBOBJS=''
LIBS=' '
LIBTOOL=''
LIBTOOL_DEPS=''
LIBTOOL_EXTRA_FLAGS=' -version-info 26:0:3'
LIPO=''
LN_S='ln -s'
LTLIBOBJS=''
LT_SYS_LIBRARY_PATH=''
MAINT='#'
MAINTAINER_MODE_FALSE=''
MAINTAINER_MODE_TRUE='#'
MAKEINFO='${SHELL} /Users/sgamraou/chatUp/libsodium-1.0.18/build-aux/missing makeinfo'
MANIFEST_TOOL=''
MINIMAL_FALSE=''
MINIMAL_TRUE='#'
MKDIR_P='build-aux/install-sh -c -d'
NM='/usr/bin/nm -B'
NMEDIT=''
OBJDUMP='objdump'
OBJEXT='o'
OTOOL64=''
OTOOL=''
PACKAGE='libsodium'
PACKAGE_BUGREPORT='https://github.com/jedisct1/libsodium/issues'
PACKAGE_NAME='libsodium'
PACKAGE_STRING='libsodium 1.0.18'
PACKAGE_TARNAME='libsodium'
PACKAGE_URL='https://github.com/jedisct1/libsodium'
PACKAGE_VERSION='1.0.18'
PATH_SEPARATOR=':'
PKGCONFIG_LIBS_PRIVATE=' -pthread '
PTHREAD_CC='gcc'
PTHREAD_CFLAGS='-pthread'
PTHREAD_LIBS=''
RANLIB=''
SAFECODE_HOME=''
SED='/usr/bin/sed'
SET_MAKE=''
SHELL='/bin/sh'
SODIUM_LIBRARY_MINIMAL_DEF=''
SODIUM_LIBRARY_VERSION='26:0:3'
SODIUM_LIBRARY_VERSION_MAJOR='10'
SODIUM_LIBRARY_VERSION_MINOR='3'
STRIP=''
TEST_LDFLAGS=''
VALGRIND=''
VALGRIND_CHECK_RULES='
VALGRIND_ENABLED='no'
VALGRIND_ENABLED_FALSE=''
VALGRIND_ENABLED_TRUE='#'
VERSION='1.0.18'
WASI_FALSE=''
WASI_TRUE=''
ac_ct_AR='ar'
ac_ct_CC='gcc'
ac_ct_DUMPBIN=''
am__EXEEXT_FALSE=''
am__EXEEXT_TRUE=''
am__fastdepCCAS_FALSE='#'
am__fastdepCCAS_TRUE=''
am__fastdepCC_FALSE='#'
am__fastdepCC_TRUE=''
am__include='include'
am__isrc=''
am__leading_dot='.'
am__nodep='_no'
am__quote=''
am__tar='tar --format=ustar -chf - "$$tardir"'
am__untar='tar -xf -'
ax_pthread_config=''
bindir='${exec_prefix}/bin'
build='x86_64-apple-darwin18.7.0'
build_alias=''
build_cpu='x86_64'
build_os='darwin18.7.0'
build_vendor='apple'
check-valgrind:
datadir='${datarootdir}'
datarootdir='${prefix}/share'
docdir='${datarootdir}/doc/${PACKAGE_TARNAME}'
dvidir='${docdir}'
exec_prefix='NONE'
host='x86_64-apple-darwin18.7.0'
host_alias=''
host_cpu='x86_64'
host_os='darwin18.7.0'
host_vendor='apple'
htmldir='${docdir}'
includedir='${prefix}/include'
infodir='${datarootdir}/info'
install_sh='${SHELL} /Users/sgamraou/chatUp/libsodium-1.0.18/build-aux/install-sh'
libdir='${exec_prefix}/lib'
libexecdir='${exec_prefix}/libexec'
localedir='${datarootdir}/locale'
localstatedir='${prefix}/var'
mandir='${datarootdir}/man'
mkdir_p='$(MKDIR_P)'
oldincludedir='/usr/include'
pdfdir='${docdir}'
prefix='/Users/sgamraou/chatUp/includes'
program_transform_name='s,x,x,'
psdir='${docdir}'
sbindir='${exec_prefix}/sbin'
sharedstatedir='${prefix}/com'
sysconfdir='${prefix}/etc'
target_alias=''
valgrind_enabled_tools=''
valgrind_tools='memcheck helgrind drd sgcheck'

## ----------- ##
## confdefs.h. ##
## ----------- ##

/* confdefs.h */
#define PACKAGE_NAME "libsodium"
#define PACKAGE_TARNAME "libsodium"
#define PACKAGE_VERSION "1.0.18"
#define PACKAGE_STRING "libsodium 1.0.18"
#define PACKAGE_BUGREPORT "https://github.com/jedisct1/libsodium/issues"
#define PACKAGE_URL "https://github.com/jedisct1/libsodium"
#define PACKAGE "libsodium"
#define VERSION "1.0.18"
#define HAVE_PTHREAD_PRIO_INHERIT 1
#define HAVE_PTHREAD 1
#define STDC_HEADERS 1
#define HAVE_SYS_TYPES_H 1
#define HAVE_SYS_STAT_H 1
#define HAVE_STDLIB_H 1
#define HAVE_STRING_H 1
#define HAVE_MEMORY_H 1
#define HAVE_STRINGS_H 1
#define HAVE_INTTYPES_H 1
#define HAVE_STDINT_H 1
#define HAVE_UNISTD_H 1
#define __EXTENSIONS__ 1
#define _ALL_SOURCE 1
#define _GNU_SOURCE 1
#define _POSIX_PTHREAD_SEMANTICS 1
#define _TANDEM_SOURCE 1
#define HAVE_C_VARARRAYS 1
#define HAVE_CATCHABLE_SEGV 1
#define HAVE_CATCHABLE_ABRT 1
#define TLS _Thread_local

configure: caught signal 2
configure: exit 1
